nohup: ignoring input
INFO:     Started server process [418714]
INFO:     Waiting for application startup.
INFO:     Application startup complete.
INFO:     Uvicorn running on http://0.0.0.0:8000 (Press CTRL+C to quit)
INFO:     127.0.0.1:37056 - "GET /account HTTP/1.1" 200 OK
INFO:     127.0.0.1:37066 - "GET /positions HTTP/1.1" 200 OK
INFO:     127.0.0.1:47870 - "GET / HTTP/1.1" 404 Not Found
INFO:     127.0.0.1:54920 - "GET /docs HTTP/1.1" 200 OK
INFO:     127.0.0.1:54926 - "GET /openapi.json HTTP/1.1" 200 OK
INFO:     127.0.0.1:54922 - "GET /account HTTP/1.1" 200 OK
INFO:     127.0.0.1:54930 - "GET /positions HTTP/1.1" 200 OK
INFO:     127.0.0.1:54946 - "GET /clock HTTP/1.1" 200 OK
INFO:     127.0.0.1:60912 - "GET /quotes/LI HTTP/1.1" 200 OK
INFO:     127.0.0.1:39102 - "GET /quotes/ODD HTTP/1.1" 200 OK
INFO:     127.0.0.1:37336 - "GET /quotes/PDD HTTP/1.1" 200 OK
INFO:     127.0.0.1:42360 - "GET /quotes/IBIT HTTP/1.1" 200 OK
INFO:     127.0.0.1:42376 - "GET /openapi.json HTTP/1.1" 200 OK
INFO:     127.0.0.1:49258 - "GET /quotes/IBIT260214P00045000 HTTP/1.1" 500 Internal Server Error
ERROR:    Exception in ASGI application
Traceback (most recent call last):
  File "/home/jasonhu/projetcts/aplaca/.venv/lib/python3.11/site-packages/alpaca/common/rest.py", line 198, in _one_request
    response.raise_for_status()
  File "/home/jasonhu/projetcts/aplaca/.venv/lib/python3.11/site-packages/requests/models.py", line 1026, in raise_for_status
    raise HTTPError(http_error_msg, response=self)
requests.exceptions.HTTPError: 400 Client Error: Bad Request for url: https://data.alpaca.markets/v2/stocks/quotes/latest?symbols=IBIT260214P00045000

During handling of the above exception, another exception occurred:

Traceback (most recent call last):
  File "/home/jasonhu/projetcts/aplaca/.venv/lib/python3.11/site-packages/uvicorn/protocols/http/httptools_impl.py", line 416, in run_asgi
    result = await app(  # type: ignore[func-returns-value]
             ^^^^^^^^^^^^^^^^^^^^^^^^^^^^^^^^^^^^^^^^^^^^^^
  File "/home/jasonhu/projetcts/aplaca/.venv/lib/python3.11/site-packages/uvicorn/middleware/proxy_headers.py", line 60, in __call__
    return await self.app(scope, receive, send)
           ^^^^^^^^^^^^^^^^^^^^^^^^^^^^^^^^^^^^
  File "/home/jasonhu/projetcts/aplaca/.venv/lib/python3.11/site-packages/fastapi/applications.py", line 1135, in __call__
    await super().__call__(scope, receive, send)
  File "/home/jasonhu/projetcts/aplaca/.venv/lib/python3.11/site-packages/starlette/applications.py", line 107, in __call__
    await self.middleware_stack(scope, receive, send)
  File "/home/jasonhu/projetcts/aplaca/.venv/lib/python3.11/site-packages/starlette/middleware/errors.py", line 186, in __call__
    raise exc
  File "/home/jasonhu/projetcts/aplaca/.venv/lib/python3.11/site-packages/starlette/middleware/errors.py", line 164, in __call__
    await self.app(scope, receive, _send)
  File "/home/jasonhu/projetcts/aplaca/.venv/lib/python3.11/site-packages/starlette/middleware/exceptions.py", line 63, in __call__
    await wrap_app_handling_exceptions(self.app, conn)(scope, receive, send)
  File "/home/jasonhu/projetcts/aplaca/.venv/lib/python3.11/site-packages/starlette/_exception_handler.py", line 53, in wrapped_app
    raise exc
  File "/home/jasonhu/projetcts/aplaca/.venv/lib/python3.11/site-packages/starlette/_exception_handler.py", line 42, in wrapped_app
    await app(scope, receive, sender)
  File "/home/jasonhu/projetcts/aplaca/.venv/lib/python3.11/site-packages/fastapi/middleware/asyncexitstack.py", line 18, in __call__
    await self.app(scope, receive, send)
  File "/home/jasonhu/projetcts/aplaca/.venv/lib/python3.11/site-packages/starlette/routing.py", line 716, in __call__
    await self.middleware_stack(scope, receive, send)
  File "/home/jasonhu/projetcts/aplaca/.venv/lib/python3.11/site-packages/starlette/routing.py", line 736, in app
    await route.handle(scope, receive, send)
  File "/home/jasonhu/projetcts/aplaca/.venv/lib/python3.11/site-packages/starlette/routing.py", line 290, in handle
    await self.app(scope, receive, send)
  File "/home/jasonhu/projetcts/aplaca/.venv/lib/python3.11/site-packages/fastapi/routing.py", line 115, in app
    await wrap_app_handling_exceptions(app, request)(scope, receive, send)
  File "/home/jasonhu/projetcts/aplaca/.venv/lib/python3.11/site-packages/starlette/_exception_handler.py", line 53, in wrapped_app
    raise exc
  File "/home/jasonhu/projetcts/aplaca/.venv/lib/python3.11/site-packages/starlette/_exception_handler.py", line 42, in wrapped_app
    await app(scope, receive, sender)
  File "/home/jasonhu/projetcts/aplaca/.venv/lib/python3.11/site-packages/fastapi/routing.py", line 101, in app
    response = await f(request)
               ^^^^^^^^^^^^^^^^
  File "/home/jasonhu/projetcts/aplaca/.venv/lib/python3.11/site-packages/fastapi/routing.py", line 355, in app
    raw_response = await run_endpoint_function(
                   ^^^^^^^^^^^^^^^^^^^^^^^^^^^^
  File "/home/jasonhu/projetcts/aplaca/.venv/lib/python3.11/site-packages/fastapi/routing.py", line 245, in run_endpoint_function
    return await run_in_threadpool(dependant.call, **values)
           ^^^^^^^^^^^^^^^^^^^^^^^^^^^^^^^^^^^^^^^^^^^^^^^^^
  File "/home/jasonhu/projetcts/aplaca/.venv/lib/python3.11/site-packages/starlette/concurrency.py", line 32, in run_in_threadpool
    return await anyio.to_thread.run_sync(func)
           ^^^^^^^^^^^^^^^^^^^^^^^^^^^^^^^^^^^^
  File "/home/jasonhu/projetcts/aplaca/.venv/lib/python3.11/site-packages/anyio/to_thread.py", line 63, in run_sync
    return await get_async_backend().run_sync_in_worker_thread(
           ^^^^^^^^^^^^^^^^^^^^^^^^^^^^^^^^^^^^^^^^^^^^^^^^^^^^
  File "/home/jasonhu/projetcts/aplaca/.venv/lib/python3.11/site-packages/anyio/_backends/_asyncio.py", line 2502, in run_sync_in_worker_thread
    return await future
           ^^^^^^^^^^^^
  File "/home/jasonhu/projetcts/aplaca/.venv/lib/python3.11/site-packages/anyio/_backends/_asyncio.py", line 986, in run
    result = context.run(func, *args)
             ^^^^^^^^^^^^^^^^^^^^^^^^
  File "/home/jasonhu/projetcts/aplaca/src/alpaca_api/main.py", line 234, in get_quote
    quotes = get_data_client().get_stock_latest_quote(request)
             ^^^^^^^^^^^^^^^^^^^^^^^^^^^^^^^^^^^^^^^^^^^^^^^^^
  File "/home/jasonhu/projetcts/aplaca/.venv/lib/python3.11/site-packages/alpaca/data/historical/stock.py", line 174, in get_stock_latest_quote
    raw_latest_quotes = self._get_marketdata(
                        ^^^^^^^^^^^^^^^^^^^^^
  File "/home/jasonhu/projetcts/aplaca/.venv/lib/python3.11/site-packages/alpaca/common/rest.py", line 393, in _get_marketdata
    response = self.get(path=path, data=params)
               ^^^^^^^^^^^^^^^^^^^^^^^^^^^^^^^^
  File "/home/jasonhu/projetcts/aplaca/.venv/lib/python3.11/site-packages/alpaca/common/rest.py", line 225, in get
    return self._request("GET", path, data, **kwargs)
           ^^^^^^^^^^^^^^^^^^^^^^^^^^^^^^^^^^^^^^^^^^
  File "/home/jasonhu/projetcts/aplaca/.venv/lib/python3.11/site-packages/alpaca/common/rest.py", line 131, in _request
    return self._one_request(method, url, opts, retry)
           ^^^^^^^^^^^^^^^^^^^^^^^^^^^^^^^^^^^^^^^^^^^
  File "/home/jasonhu/projetcts/aplaca/.venv/lib/python3.11/site-packages/alpaca/common/rest.py", line 207, in _one_request
    raise APIError(error, http_error)
alpaca.common.exceptions.APIError: {"message":"code=400, message=invalid symbol: IBIT260214P00045000"}

INFO:     127.0.0.1:49272 - "GET /quotes/IBIT260214P00046000 HTTP/1.1" 500 Internal Server Error
ERROR:    Exception in ASGI application
Traceback (most recent call last):
  File "/home/jasonhu/projetcts/aplaca/.venv/lib/python3.11/site-packages/alpaca/common/rest.py", line 198, in _one_request
    response.raise_for_status()
  File "/home/jasonhu/projetcts/aplaca/.venv/lib/python3.11/site-packages/requests/models.py", line 1026, in raise_for_status
    raise HTTPError(http_error_msg, response=self)
requests.exceptions.HTTPError: 400 Client Error: Bad Request for url: https://data.alpaca.markets/v2/stocks/quotes/latest?symbols=IBIT260214P00046000

During handling of the above exception, another exception occurred:

Traceback (most recent call last):
  File "/home/jasonhu/projetcts/aplaca/.venv/lib/python3.11/site-packages/uvicorn/protocols/http/httptools_impl.py", line 416, in run_asgi
    result = await app(  # type: ignore[func-returns-value]
             ^^^^^^^^^^^^^^^^^^^^^^^^^^^^^^^^^^^^^^^^^^^^^^
  File "/home/jasonhu/projetcts/aplaca/.venv/lib/python3.11/site-packages/uvicorn/middleware/proxy_headers.py", line 60, in __call__
    return await self.app(scope, receive, send)
           ^^^^^^^^^^^^^^^^^^^^^^^^^^^^^^^^^^^^
  File "/home/jasonhu/projetcts/aplaca/.venv/lib/python3.11/site-packages/fastapi/applications.py", line 1135, in __call__
    await super().__call__(scope, receive, send)
  File "/home/jasonhu/projetcts/aplaca/.venv/lib/python3.11/site-packages/starlette/applications.py", line 107, in __call__
    await self.middleware_stack(scope, receive, send)
  File "/home/jasonhu/projetcts/aplaca/.venv/lib/python3.11/site-packages/starlette/middleware/errors.py", line 186, in __call__
    raise exc
  File "/home/jasonhu/projetcts/aplaca/.venv/lib/python3.11/site-packages/starlette/middleware/errors.py", line 164, in __call__
    await self.app(scope, receive, _send)
  File "/home/jasonhu/projetcts/aplaca/.venv/lib/python3.11/site-packages/starlette/middleware/exceptions.py", line 63, in __call__
    await wrap_app_handling_exceptions(self.app, conn)(scope, receive, send)
  File "/home/jasonhu/projetcts/aplaca/.venv/lib/python3.11/site-packages/starlette/_exception_handler.py", line 53, in wrapped_app
    raise exc
  File "/home/jasonhu/projetcts/aplaca/.venv/lib/python3.11/site-packages/starlette/_exception_handler.py", line 42, in wrapped_app
    await app(scope, receive, sender)
  File "/home/jasonhu/projetcts/aplaca/.venv/lib/python3.11/site-packages/fastapi/middleware/asyncexitstack.py", line 18, in __call__
    await self.app(scope, receive, send)
  File "/home/jasonhu/projetcts/aplaca/.venv/lib/python3.11/site-packages/starlette/routing.py", line 716, in __call__
    await self.middleware_stack(scope, receive, send)
  File "/home/jasonhu/projetcts/aplaca/.venv/lib/python3.11/site-packages/starlette/routing.py", line 736, in app
    await route.handle(scope, receive, send)
  File "/home/jasonhu/projetcts/aplaca/.venv/lib/python3.11/site-packages/starlette/routing.py", line 290, in handle
    await self.app(scope, receive, send)
  File "/home/jasonhu/projetcts/aplaca/.venv/lib/python3.11/site-packages/fastapi/routing.py", line 115, in app
    await wrap_app_handling_exceptions(app, request)(scope, receive, send)
  File "/home/jasonhu/projetcts/aplaca/.venv/lib/python3.11/site-packages/starlette/_exception_handler.py", line 53, in wrapped_app
    raise exc
  File "/home/jasonhu/projetcts/aplaca/.venv/lib/python3.11/site-packages/starlette/_exception_handler.py", line 42, in wrapped_app
    await app(scope, receive, sender)
  File "/home/jasonhu/projetcts/aplaca/.venv/lib/python3.11/site-packages/fastapi/routing.py", line 101, in app
    response = await f(request)
               ^^^^^^^^^^^^^^^^
  File "/home/jasonhu/projetcts/aplaca/.venv/lib/python3.11/site-packages/fastapi/routing.py", line 355, in app
    raw_response = await run_endpoint_function(
                   ^^^^^^^^^^^^^^^^^^^^^^^^^^^^
  File "/home/jasonhu/projetcts/aplaca/.venv/lib/python3.11/site-packages/fastapi/routing.py", line 245, in run_endpoint_function
    return await run_in_threadpool(dependant.call, **values)
           ^^^^^^^^^^^^^^^^^^^^^^^^^^^^^^^^^^^^^^^^^^^^^^^^^
  File "/home/jasonhu/projetcts/aplaca/.venv/lib/python3.11/site-packages/starlette/concurrency.py", line 32, in run_in_threadpool
    return await anyio.to_thread.run_sync(func)
           ^^^^^^^^^^^^^^^^^^^^^^^^^^^^^^^^^^^^
  File "/home/jasonhu/projetcts/aplaca/.venv/lib/python3.11/site-packages/anyio/to_thread.py", line 63, in run_sync
    return await get_async_backend().run_sync_in_worker_thread(
           ^^^^^^^^^^^^^^^^^^^^^^^^^^^^^^^^^^^^^^^^^^^^^^^^^^^^
  File "/home/jasonhu/projetcts/aplaca/.venv/lib/python3.11/site-packages/anyio/_backends/_asyncio.py", line 2502, in run_sync_in_worker_thread
    return await future
           ^^^^^^^^^^^^
  File "/home/jasonhu/projetcts/aplaca/.venv/lib/python3.11/site-packages/anyio/_backends/_asyncio.py", line 986, in run
    result = context.run(func, *args)
             ^^^^^^^^^^^^^^^^^^^^^^^^
  File "/home/jasonhu/projetcts/aplaca/src/alpaca_api/main.py", line 234, in get_quote
    quotes = get_data_client().get_stock_latest_quote(request)
             ^^^^^^^^^^^^^^^^^^^^^^^^^^^^^^^^^^^^^^^^^^^^^^^^^
  File "/home/jasonhu/projetcts/aplaca/.venv/lib/python3.11/site-packages/alpaca/data/historical/stock.py", line 174, in get_stock_latest_quote
    raw_latest_quotes = self._get_marketdata(
                        ^^^^^^^^^^^^^^^^^^^^^
  File "/home/jasonhu/projetcts/aplaca/.venv/lib/python3.11/site-packages/alpaca/common/rest.py", line 393, in _get_marketdata
    response = self.get(path=path, data=params)
               ^^^^^^^^^^^^^^^^^^^^^^^^^^^^^^^^
  File "/home/jasonhu/projetcts/aplaca/.venv/lib/python3.11/site-packages/alpaca/common/rest.py", line 225, in get
    return self._request("GET", path, data, **kwargs)
           ^^^^^^^^^^^^^^^^^^^^^^^^^^^^^^^^^^^^^^^^^^
  File "/home/jasonhu/projetcts/aplaca/.venv/lib/python3.11/site-packages/alpaca/common/rest.py", line 131, in _request
    return self._one_request(method, url, opts, retry)
           ^^^^^^^^^^^^^^^^^^^^^^^^^^^^^^^^^^^^^^^^^^^
  File "/home/jasonhu/projetcts/aplaca/.venv/lib/python3.11/site-packages/alpaca/common/rest.py", line 207, in _one_request
    raise APIError(error, http_error)
alpaca.common.exceptions.APIError: {"message":"code=400, message=invalid symbol: IBIT260214P00046000"}

INFO:     127.0.0.1:49276 - "GET /quotes/IBIT260214P00047000 HTTP/1.1" 500 Internal Server Error
ERROR:    Exception in ASGI application
Traceback (most recent call last):
  File "/home/jasonhu/projetcts/aplaca/.venv/lib/python3.11/site-packages/alpaca/common/rest.py", line 198, in _one_request
    response.raise_for_status()
  File "/home/jasonhu/projetcts/aplaca/.venv/lib/python3.11/site-packages/requests/models.py", line 1026, in raise_for_status
    raise HTTPError(http_error_msg, response=self)
requests.exceptions.HTTPError: 400 Client Error: Bad Request for url: https://data.alpaca.markets/v2/stocks/quotes/latest?symbols=IBIT260214P00047000

During handling of the above exception, another exception occurred:

Traceback (most recent call last):
  File "/home/jasonhu/projetcts/aplaca/.venv/lib/python3.11/site-packages/uvicorn/protocols/http/httptools_impl.py", line 416, in run_asgi
    result = await app(  # type: ignore[func-returns-value]
             ^^^^^^^^^^^^^^^^^^^^^^^^^^^^^^^^^^^^^^^^^^^^^^
  File "/home/jasonhu/projetcts/aplaca/.venv/lib/python3.11/site-packages/uvicorn/middleware/proxy_headers.py", line 60, in __call__
    return await self.app(scope, receive, send)
           ^^^^^^^^^^^^^^^^^^^^^^^^^^^^^^^^^^^^
  File "/home/jasonhu/projetcts/aplaca/.venv/lib/python3.11/site-packages/fastapi/applications.py", line 1135, in __call__
    await super().__call__(scope, receive, send)
  File "/home/jasonhu/projetcts/aplaca/.venv/lib/python3.11/site-packages/starlette/applications.py", line 107, in __call__
    await self.middleware_stack(scope, receive, send)
  File "/home/jasonhu/projetcts/aplaca/.venv/lib/python3.11/site-packages/starlette/middleware/errors.py", line 186, in __call__
    raise exc
  File "/home/jasonhu/projetcts/aplaca/.venv/lib/python3.11/site-packages/starlette/middleware/errors.py", line 164, in __call__
    await self.app(scope, receive, _send)
  File "/home/jasonhu/projetcts/aplaca/.venv/lib/python3.11/site-packages/starlette/middleware/exceptions.py", line 63, in __call__
    await wrap_app_handling_exceptions(self.app, conn)(scope, receive, send)
  File "/home/jasonhu/projetcts/aplaca/.venv/lib/python3.11/site-packages/starlette/_exception_handler.py", line 53, in wrapped_app
    raise exc
  File "/home/jasonhu/projetcts/aplaca/.venv/lib/python3.11/site-packages/starlette/_exception_handler.py", line 42, in wrapped_app
    await app(scope, receive, sender)
  File "/home/jasonhu/projetcts/aplaca/.venv/lib/python3.11/site-packages/fastapi/middleware/asyncexitstack.py", line 18, in __call__
    await self.app(scope, receive, send)
  File "/home/jasonhu/projetcts/aplaca/.venv/lib/python3.11/site-packages/starlette/routing.py", line 716, in __call__
    await self.middleware_stack(scope, receive, send)
  File "/home/jasonhu/projetcts/aplaca/.venv/lib/python3.11/site-packages/starlette/routing.py", line 736, in app
    await route.handle(scope, receive, send)
  File "/home/jasonhu/projetcts/aplaca/.venv/lib/python3.11/site-packages/starlette/routing.py", line 290, in handle
    await self.app(scope, receive, send)
  File "/home/jasonhu/projetcts/aplaca/.venv/lib/python3.11/site-packages/fastapi/routing.py", line 115, in app
    await wrap_app_handling_exceptions(app, request)(scope, receive, send)
  File "/home/jasonhu/projetcts/aplaca/.venv/lib/python3.11/site-packages/starlette/_exception_handler.py", line 53, in wrapped_app
    raise exc
  File "/home/jasonhu/projetcts/aplaca/.venv/lib/python3.11/site-packages/starlette/_exception_handler.py", line 42, in wrapped_app
    await app(scope, receive, sender)
  File "/home/jasonhu/projetcts/aplaca/.venv/lib/python3.11/site-packages/fastapi/routing.py", line 101, in app
    response = await f(request)
               ^^^^^^^^^^^^^^^^
  File "/home/jasonhu/projetcts/aplaca/.venv/lib/python3.11/site-packages/fastapi/routing.py", line 355, in app
    raw_response = await run_endpoint_function(
                   ^^^^^^^^^^^^^^^^^^^^^^^^^^^^
  File "/home/jasonhu/projetcts/aplaca/.venv/lib/python3.11/site-packages/fastapi/routing.py", line 245, in run_endpoint_function
    return await run_in_threadpool(dependant.call, **values)
           ^^^^^^^^^^^^^^^^^^^^^^^^^^^^^^^^^^^^^^^^^^^^^^^^^
  File "/home/jasonhu/projetcts/aplaca/.venv/lib/python3.11/site-packages/starlette/concurrency.py", line 32, in run_in_threadpool
    return await anyio.to_thread.run_sync(func)
           ^^^^^^^^^^^^^^^^^^^^^^^^^^^^^^^^^^^^
  File "/home/jasonhu/projetcts/aplaca/.venv/lib/python3.11/site-packages/anyio/to_thread.py", line 63, in run_sync
    return await get_async_backend().run_sync_in_worker_thread(
           ^^^^^^^^^^^^^^^^^^^^^^^^^^^^^^^^^^^^^^^^^^^^^^^^^^^^
  File "/home/jasonhu/projetcts/aplaca/.venv/lib/python3.11/site-packages/anyio/_backends/_asyncio.py", line 2502, in run_sync_in_worker_thread
    return await future
           ^^^^^^^^^^^^
  File "/home/jasonhu/projetcts/aplaca/.venv/lib/python3.11/site-packages/anyio/_backends/_asyncio.py", line 986, in run
    result = context.run(func, *args)
             ^^^^^^^^^^^^^^^^^^^^^^^^
  File "/home/jasonhu/projetcts/aplaca/src/alpaca_api/main.py", line 234, in get_quote
    quotes = get_data_client().get_stock_latest_quote(request)
             ^^^^^^^^^^^^^^^^^^^^^^^^^^^^^^^^^^^^^^^^^^^^^^^^^
  File "/home/jasonhu/projetcts/aplaca/.venv/lib/python3.11/site-packages/alpaca/data/historical/stock.py", line 174, in get_stock_latest_quote
    raw_latest_quotes = self._get_marketdata(
                        ^^^^^^^^^^^^^^^^^^^^^
  File "/home/jasonhu/projetcts/aplaca/.venv/lib/python3.11/site-packages/alpaca/common/rest.py", line 393, in _get_marketdata
    response = self.get(path=path, data=params)
               ^^^^^^^^^^^^^^^^^^^^^^^^^^^^^^^^
  File "/home/jasonhu/projetcts/aplaca/.venv/lib/python3.11/site-packages/alpaca/common/rest.py", line 225, in get
    return self._request("GET", path, data, **kwargs)
           ^^^^^^^^^^^^^^^^^^^^^^^^^^^^^^^^^^^^^^^^^^
  File "/home/jasonhu/projetcts/aplaca/.venv/lib/python3.11/site-packages/alpaca/common/rest.py", line 131, in _request
    return self._one_request(method, url, opts, retry)
           ^^^^^^^^^^^^^^^^^^^^^^^^^^^^^^^^^^^^^^^^^^^
  File "/home/jasonhu/projetcts/aplaca/.venv/lib/python3.11/site-packages/alpaca/common/rest.py", line 207, in _one_request
    raise APIError(error, http_error)
alpaca.common.exceptions.APIError: {"message":"code=400, message=invalid symbol: IBIT260214P00047000"}

INFO:     127.0.0.1:49290 - "GET /quotes/IBIT260214P00048000 HTTP/1.1" 500 Internal Server Error
ERROR:    Exception in ASGI application
Traceback (most recent call last):
  File "/home/jasonhu/projetcts/aplaca/.venv/lib/python3.11/site-packages/alpaca/common/rest.py", line 198, in _one_request
    response.raise_for_status()
  File "/home/jasonhu/projetcts/aplaca/.venv/lib/python3.11/site-packages/requests/models.py", line 1026, in raise_for_status
    raise HTTPError(http_error_msg, response=self)
requests.exceptions.HTTPError: 400 Client Error: Bad Request for url: https://data.alpaca.markets/v2/stocks/quotes/latest?symbols=IBIT260214P00048000

During handling of the above exception, another exception occurred:

Traceback (most recent call last):
  File "/home/jasonhu/projetcts/aplaca/.venv/lib/python3.11/site-packages/uvicorn/protocols/http/httptools_impl.py", line 416, in run_asgi
    result = await app(  # type: ignore[func-returns-value]
             ^^^^^^^^^^^^^^^^^^^^^^^^^^^^^^^^^^^^^^^^^^^^^^
  File "/home/jasonhu/projetcts/aplaca/.venv/lib/python3.11/site-packages/uvicorn/middleware/proxy_headers.py", line 60, in __call__
    return await self.app(scope, receive, send)
           ^^^^^^^^^^^^^^^^^^^^^^^^^^^^^^^^^^^^
  File "/home/jasonhu/projetcts/aplaca/.venv/lib/python3.11/site-packages/fastapi/applications.py", line 1135, in __call__
    await super().__call__(scope, receive, send)
  File "/home/jasonhu/projetcts/aplaca/.venv/lib/python3.11/site-packages/starlette/applications.py", line 107, in __call__
    await self.middleware_stack(scope, receive, send)
  File "/home/jasonhu/projetcts/aplaca/.venv/lib/python3.11/site-packages/starlette/middleware/errors.py", line 186, in __call__
    raise exc
  File "/home/jasonhu/projetcts/aplaca/.venv/lib/python3.11/site-packages/starlette/middleware/errors.py", line 164, in __call__
    await self.app(scope, receive, _send)
  File "/home/jasonhu/projetcts/aplaca/.venv/lib/python3.11/site-packages/starlette/middleware/exceptions.py", line 63, in __call__
    await wrap_app_handling_exceptions(self.app, conn)(scope, receive, send)
  File "/home/jasonhu/projetcts/aplaca/.venv/lib/python3.11/site-packages/starlette/_exception_handler.py", line 53, in wrapped_app
    raise exc
  File "/home/jasonhu/projetcts/aplaca/.venv/lib/python3.11/site-packages/starlette/_exception_handler.py", line 42, in wrapped_app
    await app(scope, receive, sender)
  File "/home/jasonhu/projetcts/aplaca/.venv/lib/python3.11/site-packages/fastapi/middleware/asyncexitstack.py", line 18, in __call__
    await self.app(scope, receive, send)
  File "/home/jasonhu/projetcts/aplaca/.venv/lib/python3.11/site-packages/starlette/routing.py", line 716, in __call__
    await self.middleware_stack(scope, receive, send)
  File "/home/jasonhu/projetcts/aplaca/.venv/lib/python3.11/site-packages/starlette/routing.py", line 736, in app
    await route.handle(scope, receive, send)
  File "/home/jasonhu/projetcts/aplaca/.venv/lib/python3.11/site-packages/starlette/routing.py", line 290, in handle
    await self.app(scope, receive, send)
  File "/home/jasonhu/projetcts/aplaca/.venv/lib/python3.11/site-packages/fastapi/routing.py", line 115, in app
    await wrap_app_handling_exceptions(app, request)(scope, receive, send)
  File "/home/jasonhu/projetcts/aplaca/.venv/lib/python3.11/site-packages/starlette/_exception_handler.py", line 53, in wrapped_app
    raise exc
  File "/home/jasonhu/projetcts/aplaca/.venv/lib/python3.11/site-packages/starlette/_exception_handler.py", line 42, in wrapped_app
    await app(scope, receive, sender)
  File "/home/jasonhu/projetcts/aplaca/.venv/lib/python3.11/site-packages/fastapi/routing.py", line 101, in app
    response = await f(request)
               ^^^^^^^^^^^^^^^^
  File "/home/jasonhu/projetcts/aplaca/.venv/lib/python3.11/site-packages/fastapi/routing.py", line 355, in app
    raw_response = await run_endpoint_function(
                   ^^^^^^^^^^^^^^^^^^^^^^^^^^^^
  File "/home/jasonhu/projetcts/aplaca/.venv/lib/python3.11/site-packages/fastapi/routing.py", line 245, in run_endpoint_function
    return await run_in_threadpool(dependant.call, **values)
           ^^^^^^^^^^^^^^^^^^^^^^^^^^^^^^^^^^^^^^^^^^^^^^^^^
  File "/home/jasonhu/projetcts/aplaca/.venv/lib/python3.11/site-packages/starlette/concurrency.py", line 32, in run_in_threadpool
    return await anyio.to_thread.run_sync(func)
           ^^^^^^^^^^^^^^^^^^^^^^^^^^^^^^^^^^^^
  File "/home/jasonhu/projetcts/aplaca/.venv/lib/python3.11/site-packages/anyio/to_thread.py", line 63, in run_sync
    return await get_async_backend().run_sync_in_worker_thread(
           ^^^^^^^^^^^^^^^^^^^^^^^^^^^^^^^^^^^^^^^^^^^^^^^^^^^^
  File "/home/jasonhu/projetcts/aplaca/.venv/lib/python3.11/site-packages/anyio/_backends/_asyncio.py", line 2502, in run_sync_in_worker_thread
    return await future
           ^^^^^^^^^^^^
  File "/home/jasonhu/projetcts/aplaca/.venv/lib/python3.11/site-packages/anyio/_backends/_asyncio.py", line 986, in run
    result = context.run(func, *args)
             ^^^^^^^^^^^^^^^^^^^^^^^^
  File "/home/jasonhu/projetcts/aplaca/src/alpaca_api/main.py", line 234, in get_quote
    quotes = get_data_client().get_stock_latest_quote(request)
             ^^^^^^^^^^^^^^^^^^^^^^^^^^^^^^^^^^^^^^^^^^^^^^^^^
  File "/home/jasonhu/projetcts/aplaca/.venv/lib/python3.11/site-packages/alpaca/data/historical/stock.py", line 174, in get_stock_latest_quote
    raw_latest_quotes = self._get_marketdata(
                        ^^^^^^^^^^^^^^^^^^^^^
  File "/home/jasonhu/projetcts/aplaca/.venv/lib/python3.11/site-packages/alpaca/common/rest.py", line 393, in _get_marketdata
    response = self.get(path=path, data=params)
               ^^^^^^^^^^^^^^^^^^^^^^^^^^^^^^^^
  File "/home/jasonhu/projetcts/aplaca/.venv/lib/python3.11/site-packages/alpaca/common/rest.py", line 225, in get
    return self._request("GET", path, data, **kwargs)
           ^^^^^^^^^^^^^^^^^^^^^^^^^^^^^^^^^^^^^^^^^^
  File "/home/jasonhu/projetcts/aplaca/.venv/lib/python3.11/site-packages/alpaca/common/rest.py", line 131, in _request
    return self._one_request(method, url, opts, retry)
           ^^^^^^^^^^^^^^^^^^^^^^^^^^^^^^^^^^^^^^^^^^^
  File "/home/jasonhu/projetcts/aplaca/.venv/lib/python3.11/site-packages/alpaca/common/rest.py", line 207, in _one_request
    raise APIError(error, http_error)
alpaca.common.exceptions.APIError: {"message":"code=400, message=invalid symbol: IBIT260214P00048000"}

INFO:     127.0.0.1:49296 - "GET /quotes/IBIT260221P00045000 HTTP/1.1" 500 Internal Server Error
ERROR:    Exception in ASGI application
Traceback (most recent call last):
  File "/home/jasonhu/projetcts/aplaca/.venv/lib/python3.11/site-packages/alpaca/common/rest.py", line 198, in _one_request
    response.raise_for_status()
  File "/home/jasonhu/projetcts/aplaca/.venv/lib/python3.11/site-packages/requests/models.py", line 1026, in raise_for_status
    raise HTTPError(http_error_msg, response=self)
requests.exceptions.HTTPError: 400 Client Error: Bad Request for url: https://data.alpaca.markets/v2/stocks/quotes/latest?symbols=IBIT260221P00045000

During handling of the above exception, another exception occurred:

Traceback (most recent call last):
  File "/home/jasonhu/projetcts/aplaca/.venv/lib/python3.11/site-packages/uvicorn/protocols/http/httptools_impl.py", line 416, in run_asgi
    result = await app(  # type: ignore[func-returns-value]
             ^^^^^^^^^^^^^^^^^^^^^^^^^^^^^^^^^^^^^^^^^^^^^^
  File "/home/jasonhu/projetcts/aplaca/.venv/lib/python3.11/site-packages/uvicorn/middleware/proxy_headers.py", line 60, in __call__
    return await self.app(scope, receive, send)
           ^^^^^^^^^^^^^^^^^^^^^^^^^^^^^^^^^^^^
  File "/home/jasonhu/projetcts/aplaca/.venv/lib/python3.11/site-packages/fastapi/applications.py", line 1135, in __call__
    await super().__call__(scope, receive, send)
  File "/home/jasonhu/projetcts/aplaca/.venv/lib/python3.11/site-packages/starlette/applications.py", line 107, in __call__
    await self.middleware_stack(scope, receive, send)
  File "/home/jasonhu/projetcts/aplaca/.venv/lib/python3.11/site-packages/starlette/middleware/errors.py", line 186, in __call__
    raise exc
  File "/home/jasonhu/projetcts/aplaca/.venv/lib/python3.11/site-packages/starlette/middleware/errors.py", line 164, in __call__
    await self.app(scope, receive, _send)
  File "/home/jasonhu/projetcts/aplaca/.venv/lib/python3.11/site-packages/starlette/middleware/exceptions.py", line 63, in __call__
    await wrap_app_handling_exceptions(self.app, conn)(scope, receive, send)
  File "/home/jasonhu/projetcts/aplaca/.venv/lib/python3.11/site-packages/starlette/_exception_handler.py", line 53, in wrapped_app
    raise exc
  File "/home/jasonhu/projetcts/aplaca/.venv/lib/python3.11/site-packages/starlette/_exception_handler.py", line 42, in wrapped_app
    await app(scope, receive, sender)
  File "/home/jasonhu/projetcts/aplaca/.venv/lib/python3.11/site-packages/fastapi/middleware/asyncexitstack.py", line 18, in __call__
    await self.app(scope, receive, send)
  File "/home/jasonhu/projetcts/aplaca/.venv/lib/python3.11/site-packages/starlette/routing.py", line 716, in __call__
    await self.middleware_stack(scope, receive, send)
  File "/home/jasonhu/projetcts/aplaca/.venv/lib/python3.11/site-packages/starlette/routing.py", line 736, in app
    await route.handle(scope, receive, send)
  File "/home/jasonhu/projetcts/aplaca/.venv/lib/python3.11/site-packages/starlette/routing.py", line 290, in handle
    await self.app(scope, receive, send)
  File "/home/jasonhu/projetcts/aplaca/.venv/lib/python3.11/site-packages/fastapi/routing.py", line 115, in app
    await wrap_app_handling_exceptions(app, request)(scope, receive, send)
  File "/home/jasonhu/projetcts/aplaca/.venv/lib/python3.11/site-packages/starlette/_exception_handler.py", line 53, in wrapped_app
    raise exc
  File "/home/jasonhu/projetcts/aplaca/.venv/lib/python3.11/site-packages/starlette/_exception_handler.py", line 42, in wrapped_app
    await app(scope, receive, sender)
  File "/home/jasonhu/projetcts/aplaca/.venv/lib/python3.11/site-packages/fastapi/routing.py", line 101, in app
    response = await f(request)
               ^^^^^^^^^^^^^^^^
  File "/home/jasonhu/projetcts/aplaca/.venv/lib/python3.11/site-packages/fastapi/routing.py", line 355, in app
    raw_response = await run_endpoint_function(
                   ^^^^^^^^^^^^^^^^^^^^^^^^^^^^
  File "/home/jasonhu/projetcts/aplaca/.venv/lib/python3.11/site-packages/fastapi/routing.py", line 245, in run_endpoint_function
    return await run_in_threadpool(dependant.call, **values)
           ^^^^^^^^^^^^^^^^^^^^^^^^^^^^^^^^^^^^^^^^^^^^^^^^^
  File "/home/jasonhu/projetcts/aplaca/.venv/lib/python3.11/site-packages/starlette/concurrency.py", line 32, in run_in_threadpool
    return await anyio.to_thread.run_sync(func)
           ^^^^^^^^^^^^^^^^^^^^^^^^^^^^^^^^^^^^
  File "/home/jasonhu/projetcts/aplaca/.venv/lib/python3.11/site-packages/anyio/to_thread.py", line 63, in run_sync
    return await get_async_backend().run_sync_in_worker_thread(
           ^^^^^^^^^^^^^^^^^^^^^^^^^^^^^^^^^^^^^^^^^^^^^^^^^^^^
  File "/home/jasonhu/projetcts/aplaca/.venv/lib/python3.11/site-packages/anyio/_backends/_asyncio.py", line 2502, in run_sync_in_worker_thread
    return await future
           ^^^^^^^^^^^^
  File "/home/jasonhu/projetcts/aplaca/.venv/lib/python3.11/site-packages/anyio/_backends/_asyncio.py", line 986, in run
    result = context.run(func, *args)
             ^^^^^^^^^^^^^^^^^^^^^^^^
  File "/home/jasonhu/projetcts/aplaca/src/alpaca_api/main.py", line 234, in get_quote
    quotes = get_data_client().get_stock_latest_quote(request)
             ^^^^^^^^^^^^^^^^^^^^^^^^^^^^^^^^^^^^^^^^^^^^^^^^^
  File "/home/jasonhu/projetcts/aplaca/.venv/lib/python3.11/site-packages/alpaca/data/historical/stock.py", line 174, in get_stock_latest_quote
    raw_latest_quotes = self._get_marketdata(
                        ^^^^^^^^^^^^^^^^^^^^^
  File "/home/jasonhu/projetcts/aplaca/.venv/lib/python3.11/site-packages/alpaca/common/rest.py", line 393, in _get_marketdata
    response = self.get(path=path, data=params)
               ^^^^^^^^^^^^^^^^^^^^^^^^^^^^^^^^
  File "/home/jasonhu/projetcts/aplaca/.venv/lib/python3.11/site-packages/alpaca/common/rest.py", line 225, in get
    return self._request("GET", path, data, **kwargs)
           ^^^^^^^^^^^^^^^^^^^^^^^^^^^^^^^^^^^^^^^^^^
  File "/home/jasonhu/projetcts/aplaca/.venv/lib/python3.11/site-packages/alpaca/common/rest.py", line 131, in _request
    return self._one_request(method, url, opts, retry)
           ^^^^^^^^^^^^^^^^^^^^^^^^^^^^^^^^^^^^^^^^^^^
  File "/home/jasonhu/projetcts/aplaca/.venv/lib/python3.11/site-packages/alpaca/common/rest.py", line 207, in _one_request
    raise APIError(error, http_error)
alpaca.common.exceptions.APIError: {"message":"code=400, message=invalid symbol: IBIT260221P00045000"}

INFO:     127.0.0.1:49304 - "GET /quotes/IBIT260221P00046000 HTTP/1.1" 500 Internal Server Error
ERROR:    Exception in ASGI application
Traceback (most recent call last):
  File "/home/jasonhu/projetcts/aplaca/.venv/lib/python3.11/site-packages/alpaca/common/rest.py", line 198, in _one_request
    response.raise_for_status()
  File "/home/jasonhu/projetcts/aplaca/.venv/lib/python3.11/site-packages/requests/models.py", line 1026, in raise_for_status
    raise HTTPError(http_error_msg, response=self)
requests.exceptions.HTTPError: 400 Client Error: Bad Request for url: https://data.alpaca.markets/v2/stocks/quotes/latest?symbols=IBIT260221P00046000

During handling of the above exception, another exception occurred:

Traceback (most recent call last):
  File "/home/jasonhu/projetcts/aplaca/.venv/lib/python3.11/site-packages/uvicorn/protocols/http/httptools_impl.py", line 416, in run_asgi
    result = await app(  # type: ignore[func-returns-value]
             ^^^^^^^^^^^^^^^^^^^^^^^^^^^^^^^^^^^^^^^^^^^^^^
  File "/home/jasonhu/projetcts/aplaca/.venv/lib/python3.11/site-packages/uvicorn/middleware/proxy_headers.py", line 60, in __call__
    return await self.app(scope, receive, send)
           ^^^^^^^^^^^^^^^^^^^^^^^^^^^^^^^^^^^^
  File "/home/jasonhu/projetcts/aplaca/.venv/lib/python3.11/site-packages/fastapi/applications.py", line 1135, in __call__
    await super().__call__(scope, receive, send)
  File "/home/jasonhu/projetcts/aplaca/.venv/lib/python3.11/site-packages/starlette/applications.py", line 107, in __call__
    await self.middleware_stack(scope, receive, send)
  File "/home/jasonhu/projetcts/aplaca/.venv/lib/python3.11/site-packages/starlette/middleware/errors.py", line 186, in __call__
    raise exc
  File "/home/jasonhu/projetcts/aplaca/.venv/lib/python3.11/site-packages/starlette/middleware/errors.py", line 164, in __call__
    await self.app(scope, receive, _send)
  File "/home/jasonhu/projetcts/aplaca/.venv/lib/python3.11/site-packages/starlette/middleware/exceptions.py", line 63, in __call__
    await wrap_app_handling_exceptions(self.app, conn)(scope, receive, send)
  File "/home/jasonhu/projetcts/aplaca/.venv/lib/python3.11/site-packages/starlette/_exception_handler.py", line 53, in wrapped_app
    raise exc
  File "/home/jasonhu/projetcts/aplaca/.venv/lib/python3.11/site-packages/starlette/_exception_handler.py", line 42, in wrapped_app
    await app(scope, receive, sender)
  File "/home/jasonhu/projetcts/aplaca/.venv/lib/python3.11/site-packages/fastapi/middleware/asyncexitstack.py", line 18, in __call__
    await self.app(scope, receive, send)
  File "/home/jasonhu/projetcts/aplaca/.venv/lib/python3.11/site-packages/starlette/routing.py", line 716, in __call__
    await self.middleware_stack(scope, receive, send)
  File "/home/jasonhu/projetcts/aplaca/.venv/lib/python3.11/site-packages/starlette/routing.py", line 736, in app
    await route.handle(scope, receive, send)
  File "/home/jasonhu/projetcts/aplaca/.venv/lib/python3.11/site-packages/starlette/routing.py", line 290, in handle
    await self.app(scope, receive, send)
  File "/home/jasonhu/projetcts/aplaca/.venv/lib/python3.11/site-packages/fastapi/routing.py", line 115, in app
    await wrap_app_handling_exceptions(app, request)(scope, receive, send)
  File "/home/jasonhu/projetcts/aplaca/.venv/lib/python3.11/site-packages/starlette/_exception_handler.py", line 53, in wrapped_app
    raise exc
  File "/home/jasonhu/projetcts/aplaca/.venv/lib/python3.11/site-packages/starlette/_exception_handler.py", line 42, in wrapped_app
    await app(scope, receive, sender)
  File "/home/jasonhu/projetcts/aplaca/.venv/lib/python3.11/site-packages/fastapi/routing.py", line 101, in app
    response = await f(request)
               ^^^^^^^^^^^^^^^^
  File "/home/jasonhu/projetcts/aplaca/.venv/lib/python3.11/site-packages/fastapi/routing.py", line 355, in app
    raw_response = await run_endpoint_function(
                   ^^^^^^^^^^^^^^^^^^^^^^^^^^^^
  File "/home/jasonhu/projetcts/aplaca/.venv/lib/python3.11/site-packages/fastapi/routing.py", line 245, in run_endpoint_function
    return await run_in_threadpool(dependant.call, **values)
           ^^^^^^^^^^^^^^^^^^^^^^^^^^^^^^^^^^^^^^^^^^^^^^^^^
  File "/home/jasonhu/projetcts/aplaca/.venv/lib/python3.11/site-packages/starlette/concurrency.py", line 32, in run_in_threadpool
    return await anyio.to_thread.run_sync(func)
           ^^^^^^^^^^^^^^^^^^^^^^^^^^^^^^^^^^^^
  File "/home/jasonhu/projetcts/aplaca/.venv/lib/python3.11/site-packages/anyio/to_thread.py", line 63, in run_sync
    return await get_async_backend().run_sync_in_worker_thread(
           ^^^^^^^^^^^^^^^^^^^^^^^^^^^^^^^^^^^^^^^^^^^^^^^^^^^^
  File "/home/jasonhu/projetcts/aplaca/.venv/lib/python3.11/site-packages/anyio/_backends/_asyncio.py", line 2502, in run_sync_in_worker_thread
    return await future
           ^^^^^^^^^^^^
  File "/home/jasonhu/projetcts/aplaca/.venv/lib/python3.11/site-packages/anyio/_backends/_asyncio.py", line 986, in run
    result = context.run(func, *args)
             ^^^^^^^^^^^^^^^^^^^^^^^^
  File "/home/jasonhu/projetcts/aplaca/src/alpaca_api/main.py", line 234, in get_quote
    quotes = get_data_client().get_stock_latest_quote(request)
             ^^^^^^^^^^^^^^^^^^^^^^^^^^^^^^^^^^^^^^^^^^^^^^^^^
  File "/home/jasonhu/projetcts/aplaca/.venv/lib/python3.11/site-packages/alpaca/data/historical/stock.py", line 174, in get_stock_latest_quote
    raw_latest_quotes = self._get_marketdata(
                        ^^^^^^^^^^^^^^^^^^^^^
  File "/home/jasonhu/projetcts/aplaca/.venv/lib/python3.11/site-packages/alpaca/common/rest.py", line 393, in _get_marketdata
    response = self.get(path=path, data=params)
               ^^^^^^^^^^^^^^^^^^^^^^^^^^^^^^^^
  File "/home/jasonhu/projetcts/aplaca/.venv/lib/python3.11/site-packages/alpaca/common/rest.py", line 225, in get
    return self._request("GET", path, data, **kwargs)
           ^^^^^^^^^^^^^^^^^^^^^^^^^^^^^^^^^^^^^^^^^^
  File "/home/jasonhu/projetcts/aplaca/.venv/lib/python3.11/site-packages/alpaca/common/rest.py", line 131, in _request
    return self._one_request(method, url, opts, retry)
           ^^^^^^^^^^^^^^^^^^^^^^^^^^^^^^^^^^^^^^^^^^^
  File "/home/jasonhu/projetcts/aplaca/.venv/lib/python3.11/site-packages/alpaca/common/rest.py", line 207, in _one_request
    raise APIError(error, http_error)
alpaca.common.exceptions.APIError: {"message":"code=400, message=invalid symbol: IBIT260221P00046000"}

INFO:     127.0.0.1:49312 - "GET /quotes/IBIT260221P00047000 HTTP/1.1" 500 Internal Server Error
ERROR:    Exception in ASGI application
Traceback (most recent call last):
  File "/home/jasonhu/projetcts/aplaca/.venv/lib/python3.11/site-packages/alpaca/common/rest.py", line 198, in _one_request
    response.raise_for_status()
  File "/home/jasonhu/projetcts/aplaca/.venv/lib/python3.11/site-packages/requests/models.py", line 1026, in raise_for_status
    raise HTTPError(http_error_msg, response=self)
requests.exceptions.HTTPError: 400 Client Error: Bad Request for url: https://data.alpaca.markets/v2/stocks/quotes/latest?symbols=IBIT260221P00047000

During handling of the above exception, another exception occurred:

Traceback (most recent call last):
  File "/home/jasonhu/projetcts/aplaca/.venv/lib/python3.11/site-packages/uvicorn/protocols/http/httptools_impl.py", line 416, in run_asgi
    result = await app(  # type: ignore[func-returns-value]
             ^^^^^^^^^^^^^^^^^^^^^^^^^^^^^^^^^^^^^^^^^^^^^^
  File "/home/jasonhu/projetcts/aplaca/.venv/lib/python3.11/site-packages/uvicorn/middleware/proxy_headers.py", line 60, in __call__
    return await self.app(scope, receive, send)
           ^^^^^^^^^^^^^^^^^^^^^^^^^^^^^^^^^^^^
  File "/home/jasonhu/projetcts/aplaca/.venv/lib/python3.11/site-packages/fastapi/applications.py", line 1135, in __call__
    await super().__call__(scope, receive, send)
  File "/home/jasonhu/projetcts/aplaca/.venv/lib/python3.11/site-packages/starlette/applications.py", line 107, in __call__
    await self.middleware_stack(scope, receive, send)
  File "/home/jasonhu/projetcts/aplaca/.venv/lib/python3.11/site-packages/starlette/middleware/errors.py", line 186, in __call__
    raise exc
  File "/home/jasonhu/projetcts/aplaca/.venv/lib/python3.11/site-packages/starlette/middleware/errors.py", line 164, in __call__
    await self.app(scope, receive, _send)
  File "/home/jasonhu/projetcts/aplaca/.venv/lib/python3.11/site-packages/starlette/middleware/exceptions.py", line 63, in __call__
    await wrap_app_handling_exceptions(self.app, conn)(scope, receive, send)
  File "/home/jasonhu/projetcts/aplaca/.venv/lib/python3.11/site-packages/starlette/_exception_handler.py", line 53, in wrapped_app
    raise exc
  File "/home/jasonhu/projetcts/aplaca/.venv/lib/python3.11/site-packages/starlette/_exception_handler.py", line 42, in wrapped_app
    await app(scope, receive, sender)
  File "/home/jasonhu/projetcts/aplaca/.venv/lib/python3.11/site-packages/fastapi/middleware/asyncexitstack.py", line 18, in __call__
    await self.app(scope, receive, send)
  File "/home/jasonhu/projetcts/aplaca/.venv/lib/python3.11/site-packages/starlette/routing.py", line 716, in __call__
    await self.middleware_stack(scope, receive, send)
  File "/home/jasonhu/projetcts/aplaca/.venv/lib/python3.11/site-packages/starlette/routing.py", line 736, in app
    await route.handle(scope, receive, send)
  File "/home/jasonhu/projetcts/aplaca/.venv/lib/python3.11/site-packages/starlette/routing.py", line 290, in handle
    await self.app(scope, receive, send)
  File "/home/jasonhu/projetcts/aplaca/.venv/lib/python3.11/site-packages/fastapi/routing.py", line 115, in app
    await wrap_app_handling_exceptions(app, request)(scope, receive, send)
  File "/home/jasonhu/projetcts/aplaca/.venv/lib/python3.11/site-packages/starlette/_exception_handler.py", line 53, in wrapped_app
    raise exc
  File "/home/jasonhu/projetcts/aplaca/.venv/lib/python3.11/site-packages/starlette/_exception_handler.py", line 42, in wrapped_app
    await app(scope, receive, sender)
  File "/home/jasonhu/projetcts/aplaca/.venv/lib/python3.11/site-packages/fastapi/routing.py", line 101, in app
    response = await f(request)
               ^^^^^^^^^^^^^^^^
  File "/home/jasonhu/projetcts/aplaca/.venv/lib/python3.11/site-packages/fastapi/routing.py", line 355, in app
    raw_response = await run_endpoint_function(
                   ^^^^^^^^^^^^^^^^^^^^^^^^^^^^
  File "/home/jasonhu/projetcts/aplaca/.venv/lib/python3.11/site-packages/fastapi/routing.py", line 245, in run_endpoint_function
    return await run_in_threadpool(dependant.call, **values)
           ^^^^^^^^^^^^^^^^^^^^^^^^^^^^^^^^^^^^^^^^^^^^^^^^^
  File "/home/jasonhu/projetcts/aplaca/.venv/lib/python3.11/site-packages/starlette/concurrency.py", line 32, in run_in_threadpool
    return await anyio.to_thread.run_sync(func)
           ^^^^^^^^^^^^^^^^^^^^^^^^^^^^^^^^^^^^
  File "/home/jasonhu/projetcts/aplaca/.venv/lib/python3.11/site-packages/anyio/to_thread.py", line 63, in run_sync
    return await get_async_backend().run_sync_in_worker_thread(
           ^^^^^^^^^^^^^^^^^^^^^^^^^^^^^^^^^^^^^^^^^^^^^^^^^^^^
  File "/home/jasonhu/projetcts/aplaca/.venv/lib/python3.11/site-packages/anyio/_backends/_asyncio.py", line 2502, in run_sync_in_worker_thread
    return await future
           ^^^^^^^^^^^^
  File "/home/jasonhu/projetcts/aplaca/.venv/lib/python3.11/site-packages/anyio/_backends/_asyncio.py", line 986, in run
    result = context.run(func, *args)
             ^^^^^^^^^^^^^^^^^^^^^^^^
  File "/home/jasonhu/projetcts/aplaca/src/alpaca_api/main.py", line 234, in get_quote
    quotes = get_data_client().get_stock_latest_quote(request)
             ^^^^^^^^^^^^^^^^^^^^^^^^^^^^^^^^^^^^^^^^^^^^^^^^^
  File "/home/jasonhu/projetcts/aplaca/.venv/lib/python3.11/site-packages/alpaca/data/historical/stock.py", line 174, in get_stock_latest_quote
    raw_latest_quotes = self._get_marketdata(
                        ^^^^^^^^^^^^^^^^^^^^^
  File "/home/jasonhu/projetcts/aplaca/.venv/lib/python3.11/site-packages/alpaca/common/rest.py", line 393, in _get_marketdata
    response = self.get(path=path, data=params)
               ^^^^^^^^^^^^^^^^^^^^^^^^^^^^^^^^
  File "/home/jasonhu/projetcts/aplaca/.venv/lib/python3.11/site-packages/alpaca/common/rest.py", line 225, in get
    return self._request("GET", path, data, **kwargs)
           ^^^^^^^^^^^^^^^^^^^^^^^^^^^^^^^^^^^^^^^^^^
  File "/home/jasonhu/projetcts/aplaca/.venv/lib/python3.11/site-packages/alpaca/common/rest.py", line 131, in _request
    return self._one_request(method, url, opts, retry)
           ^^^^^^^^^^^^^^^^^^^^^^^^^^^^^^^^^^^^^^^^^^^
  File "/home/jasonhu/projetcts/aplaca/.venv/lib/python3.11/site-packages/alpaca/common/rest.py", line 207, in _one_request
    raise APIError(error, http_error)
alpaca.common.exceptions.APIError: {"message":"code=400, message=invalid symbol: IBIT260221P00047000"}

INFO:     127.0.0.1:49316 - "GET /quotes/IBIT260221P00048000 HTTP/1.1" 500 Internal Server Error
ERROR:    Exception in ASGI application
Traceback (most recent call last):
  File "/home/jasonhu/projetcts/aplaca/.venv/lib/python3.11/site-packages/alpaca/common/rest.py", line 198, in _one_request
    response.raise_for_status()
  File "/home/jasonhu/projetcts/aplaca/.venv/lib/python3.11/site-packages/requests/models.py", line 1026, in raise_for_status
    raise HTTPError(http_error_msg, response=self)
requests.exceptions.HTTPError: 400 Client Error: Bad Request for url: https://data.alpaca.markets/v2/stocks/quotes/latest?symbols=IBIT260221P00048000

During handling of the above exception, another exception occurred:

Traceback (most recent call last):
  File "/home/jasonhu/projetcts/aplaca/.venv/lib/python3.11/site-packages/uvicorn/protocols/http/httptools_impl.py", line 416, in run_asgi
    result = await app(  # type: ignore[func-returns-value]
             ^^^^^^^^^^^^^^^^^^^^^^^^^^^^^^^^^^^^^^^^^^^^^^
  File "/home/jasonhu/projetcts/aplaca/.venv/lib/python3.11/site-packages/uvicorn/middleware/proxy_headers.py", line 60, in __call__
    return await self.app(scope, receive, send)
           ^^^^^^^^^^^^^^^^^^^^^^^^^^^^^^^^^^^^
  File "/home/jasonhu/projetcts/aplaca/.venv/lib/python3.11/site-packages/fastapi/applications.py", line 1135, in __call__
    await super().__call__(scope, receive, send)
  File "/home/jasonhu/projetcts/aplaca/.venv/lib/python3.11/site-packages/starlette/applications.py", line 107, in __call__
    await self.middleware_stack(scope, receive, send)
  File "/home/jasonhu/projetcts/aplaca/.venv/lib/python3.11/site-packages/starlette/middleware/errors.py", line 186, in __call__
    raise exc
  File "/home/jasonhu/projetcts/aplaca/.venv/lib/python3.11/site-packages/starlette/middleware/errors.py", line 164, in __call__
    await self.app(scope, receive, _send)
  File "/home/jasonhu/projetcts/aplaca/.venv/lib/python3.11/site-packages/starlette/middleware/exceptions.py", line 63, in __call__
    await wrap_app_handling_exceptions(self.app, conn)(scope, receive, send)
  File "/home/jasonhu/projetcts/aplaca/.venv/lib/python3.11/site-packages/starlette/_exception_handler.py", line 53, in wrapped_app
    raise exc
  File "/home/jasonhu/projetcts/aplaca/.venv/lib/python3.11/site-packages/starlette/_exception_handler.py", line 42, in wrapped_app
    await app(scope, receive, sender)
  File "/home/jasonhu/projetcts/aplaca/.venv/lib/python3.11/site-packages/fastapi/middleware/asyncexitstack.py", line 18, in __call__
    await self.app(scope, receive, send)
  File "/home/jasonhu/projetcts/aplaca/.venv/lib/python3.11/site-packages/starlette/routing.py", line 716, in __call__
    await self.middleware_stack(scope, receive, send)
  File "/home/jasonhu/projetcts/aplaca/.venv/lib/python3.11/site-packages/starlette/routing.py", line 736, in app
    await route.handle(scope, receive, send)
  File "/home/jasonhu/projetcts/aplaca/.venv/lib/python3.11/site-packages/starlette/routing.py", line 290, in handle
    await self.app(scope, receive, send)
  File "/home/jasonhu/projetcts/aplaca/.venv/lib/python3.11/site-packages/fastapi/routing.py", line 115, in app
    await wrap_app_handling_exceptions(app, request)(scope, receive, send)
  File "/home/jasonhu/projetcts/aplaca/.venv/lib/python3.11/site-packages/starlette/_exception_handler.py", line 53, in wrapped_app
    raise exc
  File "/home/jasonhu/projetcts/aplaca/.venv/lib/python3.11/site-packages/starlette/_exception_handler.py", line 42, in wrapped_app
    await app(scope, receive, sender)
  File "/home/jasonhu/projetcts/aplaca/.venv/lib/python3.11/site-packages/fastapi/routing.py", line 101, in app
    response = await f(request)
               ^^^^^^^^^^^^^^^^
  File "/home/jasonhu/projetcts/aplaca/.venv/lib/python3.11/site-packages/fastapi/routing.py", line 355, in app
    raw_response = await run_endpoint_function(
                   ^^^^^^^^^^^^^^^^^^^^^^^^^^^^
  File "/home/jasonhu/projetcts/aplaca/.venv/lib/python3.11/site-packages/fastapi/routing.py", line 245, in run_endpoint_function
    return await run_in_threadpool(dependant.call, **values)
           ^^^^^^^^^^^^^^^^^^^^^^^^^^^^^^^^^^^^^^^^^^^^^^^^^
  File "/home/jasonhu/projetcts/aplaca/.venv/lib/python3.11/site-packages/starlette/concurrency.py", line 32, in run_in_threadpool
    return await anyio.to_thread.run_sync(func)
           ^^^^^^^^^^^^^^^^^^^^^^^^^^^^^^^^^^^^
  File "/home/jasonhu/projetcts/aplaca/.venv/lib/python3.11/site-packages/anyio/to_thread.py", line 63, in run_sync
    return await get_async_backend().run_sync_in_worker_thread(
           ^^^^^^^^^^^^^^^^^^^^^^^^^^^^^^^^^^^^^^^^^^^^^^^^^^^^
  File "/home/jasonhu/projetcts/aplaca/.venv/lib/python3.11/site-packages/anyio/_backends/_asyncio.py", line 2502, in run_sync_in_worker_thread
    return await future
           ^^^^^^^^^^^^
  File "/home/jasonhu/projetcts/aplaca/.venv/lib/python3.11/site-packages/anyio/_backends/_asyncio.py", line 986, in run
    result = context.run(func, *args)
             ^^^^^^^^^^^^^^^^^^^^^^^^
  File "/home/jasonhu/projetcts/aplaca/src/alpaca_api/main.py", line 234, in get_quote
    quotes = get_data_client().get_stock_latest_quote(request)
             ^^^^^^^^^^^^^^^^^^^^^^^^^^^^^^^^^^^^^^^^^^^^^^^^^
  File "/home/jasonhu/projetcts/aplaca/.venv/lib/python3.11/site-packages/alpaca/data/historical/stock.py", line 174, in get_stock_latest_quote
    raw_latest_quotes = self._get_marketdata(
                        ^^^^^^^^^^^^^^^^^^^^^
  File "/home/jasonhu/projetcts/aplaca/.venv/lib/python3.11/site-packages/alpaca/common/rest.py", line 393, in _get_marketdata
    response = self.get(path=path, data=params)
               ^^^^^^^^^^^^^^^^^^^^^^^^^^^^^^^^
  File "/home/jasonhu/projetcts/aplaca/.venv/lib/python3.11/site-packages/alpaca/common/rest.py", line 225, in get
    return self._request("GET", path, data, **kwargs)
           ^^^^^^^^^^^^^^^^^^^^^^^^^^^^^^^^^^^^^^^^^^
  File "/home/jasonhu/projetcts/aplaca/.venv/lib/python3.11/site-packages/alpaca/common/rest.py", line 131, in _request
    return self._one_request(method, url, opts, retry)
           ^^^^^^^^^^^^^^^^^^^^^^^^^^^^^^^^^^^^^^^^^^^
  File "/home/jasonhu/projetcts/aplaca/.venv/lib/python3.11/site-packages/alpaca/common/rest.py", line 207, in _one_request
    raise APIError(error, http_error)
alpaca.common.exceptions.APIError: {"message":"code=400, message=invalid symbol: IBIT260221P00048000"}

INFO:     127.0.0.1:52006 - "GET /quotes/IBIT260206P00047000 HTTP/1.1" 500 Internal Server Error
ERROR:    Exception in ASGI application
Traceback (most recent call last):
  File "/home/jasonhu/projetcts/aplaca/.venv/lib/python3.11/site-packages/alpaca/common/rest.py", line 198, in _one_request
    response.raise_for_status()
  File "/home/jasonhu/projetcts/aplaca/.venv/lib/python3.11/site-packages/requests/models.py", line 1026, in raise_for_status
    raise HTTPError(http_error_msg, response=self)
requests.exceptions.HTTPError: 400 Client Error: Bad Request for url: https://data.alpaca.markets/v2/stocks/quotes/latest?symbols=IBIT260206P00047000

During handling of the above exception, another exception occurred:

Traceback (most recent call last):
  File "/home/jasonhu/projetcts/aplaca/.venv/lib/python3.11/site-packages/uvicorn/protocols/http/httptools_impl.py", line 416, in run_asgi
    result = await app(  # type: ignore[func-returns-value]
             ^^^^^^^^^^^^^^^^^^^^^^^^^^^^^^^^^^^^^^^^^^^^^^
  File "/home/jasonhu/projetcts/aplaca/.venv/lib/python3.11/site-packages/uvicorn/middleware/proxy_headers.py", line 60, in __call__
    return await self.app(scope, receive, send)
           ^^^^^^^^^^^^^^^^^^^^^^^^^^^^^^^^^^^^
  File "/home/jasonhu/projetcts/aplaca/.venv/lib/python3.11/site-packages/fastapi/applications.py", line 1135, in __call__
    await super().__call__(scope, receive, send)
  File "/home/jasonhu/projetcts/aplaca/.venv/lib/python3.11/site-packages/starlette/applications.py", line 107, in __call__
    await self.middleware_stack(scope, receive, send)
  File "/home/jasonhu/projetcts/aplaca/.venv/lib/python3.11/site-packages/starlette/middleware/errors.py", line 186, in __call__
    raise exc
  File "/home/jasonhu/projetcts/aplaca/.venv/lib/python3.11/site-packages/starlette/middleware/errors.py", line 164, in __call__
    await self.app(scope, receive, _send)
  File "/home/jasonhu/projetcts/aplaca/.venv/lib/python3.11/site-packages/starlette/middleware/exceptions.py", line 63, in __call__
    await wrap_app_handling_exceptions(self.app, conn)(scope, receive, send)
  File "/home/jasonhu/projetcts/aplaca/.venv/lib/python3.11/site-packages/starlette/_exception_handler.py", line 53, in wrapped_app
    raise exc
  File "/home/jasonhu/projetcts/aplaca/.venv/lib/python3.11/site-packages/starlette/_exception_handler.py", line 42, in wrapped_app
    await app(scope, receive, sender)
  File "/home/jasonhu/projetcts/aplaca/.venv/lib/python3.11/site-packages/fastapi/middleware/asyncexitstack.py", line 18, in __call__
    await self.app(scope, receive, send)
  File "/home/jasonhu/projetcts/aplaca/.venv/lib/python3.11/site-packages/starlette/routing.py", line 716, in __call__
    await self.middleware_stack(scope, receive, send)
  File "/home/jasonhu/projetcts/aplaca/.venv/lib/python3.11/site-packages/starlette/routing.py", line 736, in app
    await route.handle(scope, receive, send)
  File "/home/jasonhu/projetcts/aplaca/.venv/lib/python3.11/site-packages/starlette/routing.py", line 290, in handle
    await self.app(scope, receive, send)
  File "/home/jasonhu/projetcts/aplaca/.venv/lib/python3.11/site-packages/fastapi/routing.py", line 115, in app
    await wrap_app_handling_exceptions(app, request)(scope, receive, send)
  File "/home/jasonhu/projetcts/aplaca/.venv/lib/python3.11/site-packages/starlette/_exception_handler.py", line 53, in wrapped_app
    raise exc
  File "/home/jasonhu/projetcts/aplaca/.venv/lib/python3.11/site-packages/starlette/_exception_handler.py", line 42, in wrapped_app
    await app(scope, receive, sender)
  File "/home/jasonhu/projetcts/aplaca/.venv/lib/python3.11/site-packages/fastapi/routing.py", line 101, in app
    response = await f(request)
               ^^^^^^^^^^^^^^^^
  File "/home/jasonhu/projetcts/aplaca/.venv/lib/python3.11/site-packages/fastapi/routing.py", line 355, in app
    raw_response = await run_endpoint_function(
                   ^^^^^^^^^^^^^^^^^^^^^^^^^^^^
  File "/home/jasonhu/projetcts/aplaca/.venv/lib/python3.11/site-packages/fastapi/routing.py", line 245, in run_endpoint_function
    return await run_in_threadpool(dependant.call, **values)
           ^^^^^^^^^^^^^^^^^^^^^^^^^^^^^^^^^^^^^^^^^^^^^^^^^
  File "/home/jasonhu/projetcts/aplaca/.venv/lib/python3.11/site-packages/starlette/concurrency.py", line 32, in run_in_threadpool
    return await anyio.to_thread.run_sync(func)
           ^^^^^^^^^^^^^^^^^^^^^^^^^^^^^^^^^^^^
  File "/home/jasonhu/projetcts/aplaca/.venv/lib/python3.11/site-packages/anyio/to_thread.py", line 63, in run_sync
    return await get_async_backend().run_sync_in_worker_thread(
           ^^^^^^^^^^^^^^^^^^^^^^^^^^^^^^^^^^^^^^^^^^^^^^^^^^^^
  File "/home/jasonhu/projetcts/aplaca/.venv/lib/python3.11/site-packages/anyio/_backends/_asyncio.py", line 2502, in run_sync_in_worker_thread
    return await future
           ^^^^^^^^^^^^
  File "/home/jasonhu/projetcts/aplaca/.venv/lib/python3.11/site-packages/anyio/_backends/_asyncio.py", line 986, in run
    result = context.run(func, *args)
             ^^^^^^^^^^^^^^^^^^^^^^^^
  File "/home/jasonhu/projetcts/aplaca/src/alpaca_api/main.py", line 234, in get_quote
    quotes = get_data_client().get_stock_latest_quote(request)
             ^^^^^^^^^^^^^^^^^^^^^^^^^^^^^^^^^^^^^^^^^^^^^^^^^
  File "/home/jasonhu/projetcts/aplaca/.venv/lib/python3.11/site-packages/alpaca/data/historical/stock.py", line 174, in get_stock_latest_quote
    raw_latest_quotes = self._get_marketdata(
                        ^^^^^^^^^^^^^^^^^^^^^
  File "/home/jasonhu/projetcts/aplaca/.venv/lib/python3.11/site-packages/alpaca/common/rest.py", line 393, in _get_marketdata
    response = self.get(path=path, data=params)
               ^^^^^^^^^^^^^^^^^^^^^^^^^^^^^^^^
  File "/home/jasonhu/projetcts/aplaca/.venv/lib/python3.11/site-packages/alpaca/common/rest.py", line 225, in get
    return self._request("GET", path, data, **kwargs)
           ^^^^^^^^^^^^^^^^^^^^^^^^^^^^^^^^^^^^^^^^^^
  File "/home/jasonhu/projetcts/aplaca/.venv/lib/python3.11/site-packages/alpaca/common/rest.py", line 131, in _request
    return self._one_request(method, url, opts, retry)
           ^^^^^^^^^^^^^^^^^^^^^^^^^^^^^^^^^^^^^^^^^^^
  File "/home/jasonhu/projetcts/aplaca/.venv/lib/python3.11/site-packages/alpaca/common/rest.py", line 207, in _one_request
    raise APIError(error, http_error)
alpaca.common.exceptions.APIError: {"message":"code=400, message=invalid symbol: IBIT260206P00047000"}

INFO:     127.0.0.1:52020 - "GET /quotes/IBIT260206P00048000 HTTP/1.1" 500 Internal Server Error
ERROR:    Exception in ASGI application
Traceback (most recent call last):
  File "/home/jasonhu/projetcts/aplaca/.venv/lib/python3.11/site-packages/alpaca/common/rest.py", line 198, in _one_request
    response.raise_for_status()
  File "/home/jasonhu/projetcts/aplaca/.venv/lib/python3.11/site-packages/requests/models.py", line 1026, in raise_for_status
    raise HTTPError(http_error_msg, response=self)
requests.exceptions.HTTPError: 400 Client Error: Bad Request for url: https://data.alpaca.markets/v2/stocks/quotes/latest?symbols=IBIT260206P00048000

During handling of the above exception, another exception occurred:

Traceback (most recent call last):
  File "/home/jasonhu/projetcts/aplaca/.venv/lib/python3.11/site-packages/uvicorn/protocols/http/httptools_impl.py", line 416, in run_asgi
    result = await app(  # type: ignore[func-returns-value]
             ^^^^^^^^^^^^^^^^^^^^^^^^^^^^^^^^^^^^^^^^^^^^^^
  File "/home/jasonhu/projetcts/aplaca/.venv/lib/python3.11/site-packages/uvicorn/middleware/proxy_headers.py", line 60, in __call__
    return await self.app(scope, receive, send)
           ^^^^^^^^^^^^^^^^^^^^^^^^^^^^^^^^^^^^
  File "/home/jasonhu/projetcts/aplaca/.venv/lib/python3.11/site-packages/fastapi/applications.py", line 1135, in __call__
    await super().__call__(scope, receive, send)
  File "/home/jasonhu/projetcts/aplaca/.venv/lib/python3.11/site-packages/starlette/applications.py", line 107, in __call__
    await self.middleware_stack(scope, receive, send)
  File "/home/jasonhu/projetcts/aplaca/.venv/lib/python3.11/site-packages/starlette/middleware/errors.py", line 186, in __call__
    raise exc
  File "/home/jasonhu/projetcts/aplaca/.venv/lib/python3.11/site-packages/starlette/middleware/errors.py", line 164, in __call__
    await self.app(scope, receive, _send)
  File "/home/jasonhu/projetcts/aplaca/.venv/lib/python3.11/site-packages/starlette/middleware/exceptions.py", line 63, in __call__
    await wrap_app_handling_exceptions(self.app, conn)(scope, receive, send)
  File "/home/jasonhu/projetcts/aplaca/.venv/lib/python3.11/site-packages/starlette/_exception_handler.py", line 53, in wrapped_app
    raise exc
  File "/home/jasonhu/projetcts/aplaca/.venv/lib/python3.11/site-packages/starlette/_exception_handler.py", line 42, in wrapped_app
    await app(scope, receive, sender)
  File "/home/jasonhu/projetcts/aplaca/.venv/lib/python3.11/site-packages/fastapi/middleware/asyncexitstack.py", line 18, in __call__
    await self.app(scope, receive, send)
  File "/home/jasonhu/projetcts/aplaca/.venv/lib/python3.11/site-packages/starlette/routing.py", line 716, in __call__
    await self.middleware_stack(scope, receive, send)
  File "/home/jasonhu/projetcts/aplaca/.venv/lib/python3.11/site-packages/starlette/routing.py", line 736, in app
    await route.handle(scope, receive, send)
  File "/home/jasonhu/projetcts/aplaca/.venv/lib/python3.11/site-packages/starlette/routing.py", line 290, in handle
    await self.app(scope, receive, send)
  File "/home/jasonhu/projetcts/aplaca/.venv/lib/python3.11/site-packages/fastapi/routing.py", line 115, in app
    await wrap_app_handling_exceptions(app, request)(scope, receive, send)
  File "/home/jasonhu/projetcts/aplaca/.venv/lib/python3.11/site-packages/starlette/_exception_handler.py", line 53, in wrapped_app
    raise exc
  File "/home/jasonhu/projetcts/aplaca/.venv/lib/python3.11/site-packages/starlette/_exception_handler.py", line 42, in wrapped_app
    await app(scope, receive, sender)
  File "/home/jasonhu/projetcts/aplaca/.venv/lib/python3.11/site-packages/fastapi/routing.py", line 101, in app
    response = await f(request)
               ^^^^^^^^^^^^^^^^
  File "/home/jasonhu/projetcts/aplaca/.venv/lib/python3.11/site-packages/fastapi/routing.py", line 355, in app
    raw_response = await run_endpoint_function(
                   ^^^^^^^^^^^^^^^^^^^^^^^^^^^^
  File "/home/jasonhu/projetcts/aplaca/.venv/lib/python3.11/site-packages/fastapi/routing.py", line 245, in run_endpoint_function
    return await run_in_threadpool(dependant.call, **values)
           ^^^^^^^^^^^^^^^^^^^^^^^^^^^^^^^^^^^^^^^^^^^^^^^^^
  File "/home/jasonhu/projetcts/aplaca/.venv/lib/python3.11/site-packages/starlette/concurrency.py", line 32, in run_in_threadpool
    return await anyio.to_thread.run_sync(func)
           ^^^^^^^^^^^^^^^^^^^^^^^^^^^^^^^^^^^^
  File "/home/jasonhu/projetcts/aplaca/.venv/lib/python3.11/site-packages/anyio/to_thread.py", line 63, in run_sync
    return await get_async_backend().run_sync_in_worker_thread(
           ^^^^^^^^^^^^^^^^^^^^^^^^^^^^^^^^^^^^^^^^^^^^^^^^^^^^
  File "/home/jasonhu/projetcts/aplaca/.venv/lib/python3.11/site-packages/anyio/_backends/_asyncio.py", line 2502, in run_sync_in_worker_thread
    return await future
           ^^^^^^^^^^^^
  File "/home/jasonhu/projetcts/aplaca/.venv/lib/python3.11/site-packages/anyio/_backends/_asyncio.py", line 986, in run
    result = context.run(func, *args)
             ^^^^^^^^^^^^^^^^^^^^^^^^
  File "/home/jasonhu/projetcts/aplaca/src/alpaca_api/main.py", line 234, in get_quote
    quotes = get_data_client().get_stock_latest_quote(request)
             ^^^^^^^^^^^^^^^^^^^^^^^^^^^^^^^^^^^^^^^^^^^^^^^^^
  File "/home/jasonhu/projetcts/aplaca/.venv/lib/python3.11/site-packages/alpaca/data/historical/stock.py", line 174, in get_stock_latest_quote
    raw_latest_quotes = self._get_marketdata(
                        ^^^^^^^^^^^^^^^^^^^^^
  File "/home/jasonhu/projetcts/aplaca/.venv/lib/python3.11/site-packages/alpaca/common/rest.py", line 393, in _get_marketdata
    response = self.get(path=path, data=params)
               ^^^^^^^^^^^^^^^^^^^^^^^^^^^^^^^^
  File "/home/jasonhu/projetcts/aplaca/.venv/lib/python3.11/site-packages/alpaca/common/rest.py", line 225, in get
    return self._request("GET", path, data, **kwargs)
           ^^^^^^^^^^^^^^^^^^^^^^^^^^^^^^^^^^^^^^^^^^
  File "/home/jasonhu/projetcts/aplaca/.venv/lib/python3.11/site-packages/alpaca/common/rest.py", line 131, in _request
    return self._one_request(method, url, opts, retry)
           ^^^^^^^^^^^^^^^^^^^^^^^^^^^^^^^^^^^^^^^^^^^
  File "/home/jasonhu/projetcts/aplaca/.venv/lib/python3.11/site-packages/alpaca/common/rest.py", line 207, in _one_request
    raise APIError(error, http_error)
alpaca.common.exceptions.APIError: {"message":"code=400, message=invalid symbol: IBIT260206P00048000"}

INFO:     127.0.0.1:52030 - "GET /quotes/IBIT260213P00047000 HTTP/1.1" 500 Internal Server Error
ERROR:    Exception in ASGI application
Traceback (most recent call last):
  File "/home/jasonhu/projetcts/aplaca/.venv/lib/python3.11/site-packages/alpaca/common/rest.py", line 198, in _one_request
    response.raise_for_status()
  File "/home/jasonhu/projetcts/aplaca/.venv/lib/python3.11/site-packages/requests/models.py", line 1026, in raise_for_status
    raise HTTPError(http_error_msg, response=self)
requests.exceptions.HTTPError: 400 Client Error: Bad Request for url: https://data.alpaca.markets/v2/stocks/quotes/latest?symbols=IBIT260213P00047000

During handling of the above exception, another exception occurred:

Traceback (most recent call last):
  File "/home/jasonhu/projetcts/aplaca/.venv/lib/python3.11/site-packages/uvicorn/protocols/http/httptools_impl.py", line 416, in run_asgi
    result = await app(  # type: ignore[func-returns-value]
             ^^^^^^^^^^^^^^^^^^^^^^^^^^^^^^^^^^^^^^^^^^^^^^
  File "/home/jasonhu/projetcts/aplaca/.venv/lib/python3.11/site-packages/uvicorn/middleware/proxy_headers.py", line 60, in __call__
    return await self.app(scope, receive, send)
           ^^^^^^^^^^^^^^^^^^^^^^^^^^^^^^^^^^^^
  File "/home/jasonhu/projetcts/aplaca/.venv/lib/python3.11/site-packages/fastapi/applications.py", line 1135, in __call__
    await super().__call__(scope, receive, send)
  File "/home/jasonhu/projetcts/aplaca/.venv/lib/python3.11/site-packages/starlette/applications.py", line 107, in __call__
    await self.middleware_stack(scope, receive, send)
  File "/home/jasonhu/projetcts/aplaca/.venv/lib/python3.11/site-packages/starlette/middleware/errors.py", line 186, in __call__
    raise exc
  File "/home/jasonhu/projetcts/aplaca/.venv/lib/python3.11/site-packages/starlette/middleware/errors.py", line 164, in __call__
    await self.app(scope, receive, _send)
  File "/home/jasonhu/projetcts/aplaca/.venv/lib/python3.11/site-packages/starlette/middleware/exceptions.py", line 63, in __call__
    await wrap_app_handling_exceptions(self.app, conn)(scope, receive, send)
  File "/home/jasonhu/projetcts/aplaca/.venv/lib/python3.11/site-packages/starlette/_exception_handler.py", line 53, in wrapped_app
    raise exc
  File "/home/jasonhu/projetcts/aplaca/.venv/lib/python3.11/site-packages/starlette/_exception_handler.py", line 42, in wrapped_app
    await app(scope, receive, sender)
  File "/home/jasonhu/projetcts/aplaca/.venv/lib/python3.11/site-packages/fastapi/middleware/asyncexitstack.py", line 18, in __call__
    await self.app(scope, receive, send)
  File "/home/jasonhu/projetcts/aplaca/.venv/lib/python3.11/site-packages/starlette/routing.py", line 716, in __call__
    await self.middleware_stack(scope, receive, send)
  File "/home/jasonhu/projetcts/aplaca/.venv/lib/python3.11/site-packages/starlette/routing.py", line 736, in app
    await route.handle(scope, receive, send)
  File "/home/jasonhu/projetcts/aplaca/.venv/lib/python3.11/site-packages/starlette/routing.py", line 290, in handle
    await self.app(scope, receive, send)
  File "/home/jasonhu/projetcts/aplaca/.venv/lib/python3.11/site-packages/fastapi/routing.py", line 115, in app
    await wrap_app_handling_exceptions(app, request)(scope, receive, send)
  File "/home/jasonhu/projetcts/aplaca/.venv/lib/python3.11/site-packages/starlette/_exception_handler.py", line 53, in wrapped_app
    raise exc
  File "/home/jasonhu/projetcts/aplaca/.venv/lib/python3.11/site-packages/starlette/_exception_handler.py", line 42, in wrapped_app
    await app(scope, receive, sender)
  File "/home/jasonhu/projetcts/aplaca/.venv/lib/python3.11/site-packages/fastapi/routing.py", line 101, in app
    response = await f(request)
               ^^^^^^^^^^^^^^^^
  File "/home/jasonhu/projetcts/aplaca/.venv/lib/python3.11/site-packages/fastapi/routing.py", line 355, in app
    raw_response = await run_endpoint_function(
                   ^^^^^^^^^^^^^^^^^^^^^^^^^^^^
  File "/home/jasonhu/projetcts/aplaca/.venv/lib/python3.11/site-packages/fastapi/routing.py", line 245, in run_endpoint_function
    return await run_in_threadpool(dependant.call, **values)
           ^^^^^^^^^^^^^^^^^^^^^^^^^^^^^^^^^^^^^^^^^^^^^^^^^
  File "/home/jasonhu/projetcts/aplaca/.venv/lib/python3.11/site-packages/starlette/concurrency.py", line 32, in run_in_threadpool
    return await anyio.to_thread.run_sync(func)
           ^^^^^^^^^^^^^^^^^^^^^^^^^^^^^^^^^^^^
  File "/home/jasonhu/projetcts/aplaca/.venv/lib/python3.11/site-packages/anyio/to_thread.py", line 63, in run_sync
    return await get_async_backend().run_sync_in_worker_thread(
           ^^^^^^^^^^^^^^^^^^^^^^^^^^^^^^^^^^^^^^^^^^^^^^^^^^^^
  File "/home/jasonhu/projetcts/aplaca/.venv/lib/python3.11/site-packages/anyio/_backends/_asyncio.py", line 2502, in run_sync_in_worker_thread
    return await future
           ^^^^^^^^^^^^
  File "/home/jasonhu/projetcts/aplaca/.venv/lib/python3.11/site-packages/anyio/_backends/_asyncio.py", line 986, in run
    result = context.run(func, *args)
             ^^^^^^^^^^^^^^^^^^^^^^^^
  File "/home/jasonhu/projetcts/aplaca/src/alpaca_api/main.py", line 234, in get_quote
    quotes = get_data_client().get_stock_latest_quote(request)
             ^^^^^^^^^^^^^^^^^^^^^^^^^^^^^^^^^^^^^^^^^^^^^^^^^
  File "/home/jasonhu/projetcts/aplaca/.venv/lib/python3.11/site-packages/alpaca/data/historical/stock.py", line 174, in get_stock_latest_quote
    raw_latest_quotes = self._get_marketdata(
                        ^^^^^^^^^^^^^^^^^^^^^
  File "/home/jasonhu/projetcts/aplaca/.venv/lib/python3.11/site-packages/alpaca/common/rest.py", line 393, in _get_marketdata
    response = self.get(path=path, data=params)
               ^^^^^^^^^^^^^^^^^^^^^^^^^^^^^^^^
  File "/home/jasonhu/projetcts/aplaca/.venv/lib/python3.11/site-packages/alpaca/common/rest.py", line 225, in get
    return self._request("GET", path, data, **kwargs)
           ^^^^^^^^^^^^^^^^^^^^^^^^^^^^^^^^^^^^^^^^^^
  File "/home/jasonhu/projetcts/aplaca/.venv/lib/python3.11/site-packages/alpaca/common/rest.py", line 131, in _request
    return self._one_request(method, url, opts, retry)
           ^^^^^^^^^^^^^^^^^^^^^^^^^^^^^^^^^^^^^^^^^^^
  File "/home/jasonhu/projetcts/aplaca/.venv/lib/python3.11/site-packages/alpaca/common/rest.py", line 207, in _one_request
    raise APIError(error, http_error)
alpaca.common.exceptions.APIError: {"message":"code=400, message=invalid symbol: IBIT260213P00047000"}

INFO:     127.0.0.1:52046 - "GET /quotes/IBIT260213P00048000 HTTP/1.1" 500 Internal Server Error
ERROR:    Exception in ASGI application
Traceback (most recent call last):
  File "/home/jasonhu/projetcts/aplaca/.venv/lib/python3.11/site-packages/alpaca/common/rest.py", line 198, in _one_request
    response.raise_for_status()
  File "/home/jasonhu/projetcts/aplaca/.venv/lib/python3.11/site-packages/requests/models.py", line 1026, in raise_for_status
    raise HTTPError(http_error_msg, response=self)
requests.exceptions.HTTPError: 400 Client Error: Bad Request for url: https://data.alpaca.markets/v2/stocks/quotes/latest?symbols=IBIT260213P00048000

During handling of the above exception, another exception occurred:

Traceback (most recent call last):
  File "/home/jasonhu/projetcts/aplaca/.venv/lib/python3.11/site-packages/uvicorn/protocols/http/httptools_impl.py", line 416, in run_asgi
    result = await app(  # type: ignore[func-returns-value]
             ^^^^^^^^^^^^^^^^^^^^^^^^^^^^^^^^^^^^^^^^^^^^^^
  File "/home/jasonhu/projetcts/aplaca/.venv/lib/python3.11/site-packages/uvicorn/middleware/proxy_headers.py", line 60, in __call__
    return await self.app(scope, receive, send)
           ^^^^^^^^^^^^^^^^^^^^^^^^^^^^^^^^^^^^
  File "/home/jasonhu/projetcts/aplaca/.venv/lib/python3.11/site-packages/fastapi/applications.py", line 1135, in __call__
    await super().__call__(scope, receive, send)
  File "/home/jasonhu/projetcts/aplaca/.venv/lib/python3.11/site-packages/starlette/applications.py", line 107, in __call__
    await self.middleware_stack(scope, receive, send)
  File "/home/jasonhu/projetcts/aplaca/.venv/lib/python3.11/site-packages/starlette/middleware/errors.py", line 186, in __call__
    raise exc
  File "/home/jasonhu/projetcts/aplaca/.venv/lib/python3.11/site-packages/starlette/middleware/errors.py", line 164, in __call__
    await self.app(scope, receive, _send)
  File "/home/jasonhu/projetcts/aplaca/.venv/lib/python3.11/site-packages/starlette/middleware/exceptions.py", line 63, in __call__
    await wrap_app_handling_exceptions(self.app, conn)(scope, receive, send)
  File "/home/jasonhu/projetcts/aplaca/.venv/lib/python3.11/site-packages/starlette/_exception_handler.py", line 53, in wrapped_app
    raise exc
  File "/home/jasonhu/projetcts/aplaca/.venv/lib/python3.11/site-packages/starlette/_exception_handler.py", line 42, in wrapped_app
    await app(scope, receive, sender)
  File "/home/jasonhu/projetcts/aplaca/.venv/lib/python3.11/site-packages/fastapi/middleware/asyncexitstack.py", line 18, in __call__
    await self.app(scope, receive, send)
  File "/home/jasonhu/projetcts/aplaca/.venv/lib/python3.11/site-packages/starlette/routing.py", line 716, in __call__
    await self.middleware_stack(scope, receive, send)
  File "/home/jasonhu/projetcts/aplaca/.venv/lib/python3.11/site-packages/starlette/routing.py", line 736, in app
    await route.handle(scope, receive, send)
  File "/home/jasonhu/projetcts/aplaca/.venv/lib/python3.11/site-packages/starlette/routing.py", line 290, in handle
    await self.app(scope, receive, send)
  File "/home/jasonhu/projetcts/aplaca/.venv/lib/python3.11/site-packages/fastapi/routing.py", line 115, in app
    await wrap_app_handling_exceptions(app, request)(scope, receive, send)
  File "/home/jasonhu/projetcts/aplaca/.venv/lib/python3.11/site-packages/starlette/_exception_handler.py", line 53, in wrapped_app
    raise exc
  File "/home/jasonhu/projetcts/aplaca/.venv/lib/python3.11/site-packages/starlette/_exception_handler.py", line 42, in wrapped_app
    await app(scope, receive, sender)
  File "/home/jasonhu/projetcts/aplaca/.venv/lib/python3.11/site-packages/fastapi/routing.py", line 101, in app
    response = await f(request)
               ^^^^^^^^^^^^^^^^
  File "/home/jasonhu/projetcts/aplaca/.venv/lib/python3.11/site-packages/fastapi/routing.py", line 355, in app
    raw_response = await run_endpoint_function(
                   ^^^^^^^^^^^^^^^^^^^^^^^^^^^^
  File "/home/jasonhu/projetcts/aplaca/.venv/lib/python3.11/site-packages/fastapi/routing.py", line 245, in run_endpoint_function
    return await run_in_threadpool(dependant.call, **values)
           ^^^^^^^^^^^^^^^^^^^^^^^^^^^^^^^^^^^^^^^^^^^^^^^^^
  File "/home/jasonhu/projetcts/aplaca/.venv/lib/python3.11/site-packages/starlette/concurrency.py", line 32, in run_in_threadpool
    return await anyio.to_thread.run_sync(func)
           ^^^^^^^^^^^^^^^^^^^^^^^^^^^^^^^^^^^^
  File "/home/jasonhu/projetcts/aplaca/.venv/lib/python3.11/site-packages/anyio/to_thread.py", line 63, in run_sync
    return await get_async_backend().run_sync_in_worker_thread(
           ^^^^^^^^^^^^^^^^^^^^^^^^^^^^^^^^^^^^^^^^^^^^^^^^^^^^
  File "/home/jasonhu/projetcts/aplaca/.venv/lib/python3.11/site-packages/anyio/_backends/_asyncio.py", line 2502, in run_sync_in_worker_thread
    return await future
           ^^^^^^^^^^^^
  File "/home/jasonhu/projetcts/aplaca/.venv/lib/python3.11/site-packages/anyio/_backends/_asyncio.py", line 986, in run
    result = context.run(func, *args)
             ^^^^^^^^^^^^^^^^^^^^^^^^
  File "/home/jasonhu/projetcts/aplaca/src/alpaca_api/main.py", line 234, in get_quote
    quotes = get_data_client().get_stock_latest_quote(request)
             ^^^^^^^^^^^^^^^^^^^^^^^^^^^^^^^^^^^^^^^^^^^^^^^^^
  File "/home/jasonhu/projetcts/aplaca/.venv/lib/python3.11/site-packages/alpaca/data/historical/stock.py", line 174, in get_stock_latest_quote
    raw_latest_quotes = self._get_marketdata(
                        ^^^^^^^^^^^^^^^^^^^^^
  File "/home/jasonhu/projetcts/aplaca/.venv/lib/python3.11/site-packages/alpaca/common/rest.py", line 393, in _get_marketdata
    response = self.get(path=path, data=params)
               ^^^^^^^^^^^^^^^^^^^^^^^^^^^^^^^^
  File "/home/jasonhu/projetcts/aplaca/.venv/lib/python3.11/site-packages/alpaca/common/rest.py", line 225, in get
    return self._request("GET", path, data, **kwargs)
           ^^^^^^^^^^^^^^^^^^^^^^^^^^^^^^^^^^^^^^^^^^
  File "/home/jasonhu/projetcts/aplaca/.venv/lib/python3.11/site-packages/alpaca/common/rest.py", line 131, in _request
    return self._one_request(method, url, opts, retry)
           ^^^^^^^^^^^^^^^^^^^^^^^^^^^^^^^^^^^^^^^^^^^
  File "/home/jasonhu/projetcts/aplaca/.venv/lib/python3.11/site-packages/alpaca/common/rest.py", line 207, in _one_request
    raise APIError(error, http_error)
alpaca.common.exceptions.APIError: {"message":"code=400, message=invalid symbol: IBIT260213P00048000"}

INFO:     127.0.0.1:52054 - "GET /quotes/IBIT260213P00047000 HTTP/1.1" 500 Internal Server Error
ERROR:    Exception in ASGI application
Traceback (most recent call last):
  File "/home/jasonhu/projetcts/aplaca/.venv/lib/python3.11/site-packages/alpaca/common/rest.py", line 198, in _one_request
    response.raise_for_status()
  File "/home/jasonhu/projetcts/aplaca/.venv/lib/python3.11/site-packages/requests/models.py", line 1026, in raise_for_status
    raise HTTPError(http_error_msg, response=self)
requests.exceptions.HTTPError: 400 Client Error: Bad Request for url: https://data.alpaca.markets/v2/stocks/quotes/latest?symbols=IBIT260213P00047000

During handling of the above exception, another exception occurred:

Traceback (most recent call last):
  File "/home/jasonhu/projetcts/aplaca/.venv/lib/python3.11/site-packages/uvicorn/protocols/http/httptools_impl.py", line 416, in run_asgi
    result = await app(  # type: ignore[func-returns-value]
             ^^^^^^^^^^^^^^^^^^^^^^^^^^^^^^^^^^^^^^^^^^^^^^
  File "/home/jasonhu/projetcts/aplaca/.venv/lib/python3.11/site-packages/uvicorn/middleware/proxy_headers.py", line 60, in __call__
    return await self.app(scope, receive, send)
           ^^^^^^^^^^^^^^^^^^^^^^^^^^^^^^^^^^^^
  File "/home/jasonhu/projetcts/aplaca/.venv/lib/python3.11/site-packages/fastapi/applications.py", line 1135, in __call__
    await super().__call__(scope, receive, send)
  File "/home/jasonhu/projetcts/aplaca/.venv/lib/python3.11/site-packages/starlette/applications.py", line 107, in __call__
    await self.middleware_stack(scope, receive, send)
  File "/home/jasonhu/projetcts/aplaca/.venv/lib/python3.11/site-packages/starlette/middleware/errors.py", line 186, in __call__
    raise exc
  File "/home/jasonhu/projetcts/aplaca/.venv/lib/python3.11/site-packages/starlette/middleware/errors.py", line 164, in __call__
    await self.app(scope, receive, _send)
  File "/home/jasonhu/projetcts/aplaca/.venv/lib/python3.11/site-packages/starlette/middleware/exceptions.py", line 63, in __call__
    await wrap_app_handling_exceptions(self.app, conn)(scope, receive, send)
  File "/home/jasonhu/projetcts/aplaca/.venv/lib/python3.11/site-packages/starlette/_exception_handler.py", line 53, in wrapped_app
    raise exc
  File "/home/jasonhu/projetcts/aplaca/.venv/lib/python3.11/site-packages/starlette/_exception_handler.py", line 42, in wrapped_app
    await app(scope, receive, sender)
  File "/home/jasonhu/projetcts/aplaca/.venv/lib/python3.11/site-packages/fastapi/middleware/asyncexitstack.py", line 18, in __call__
    await self.app(scope, receive, send)
  File "/home/jasonhu/projetcts/aplaca/.venv/lib/python3.11/site-packages/starlette/routing.py", line 716, in __call__
    await self.middleware_stack(scope, receive, send)
  File "/home/jasonhu/projetcts/aplaca/.venv/lib/python3.11/site-packages/starlette/routing.py", line 736, in app
    await route.handle(scope, receive, send)
  File "/home/jasonhu/projetcts/aplaca/.venv/lib/python3.11/site-packages/starlette/routing.py", line 290, in handle
    await self.app(scope, receive, send)
  File "/home/jasonhu/projetcts/aplaca/.venv/lib/python3.11/site-packages/fastapi/routing.py", line 115, in app
    await wrap_app_handling_exceptions(app, request)(scope, receive, send)
  File "/home/jasonhu/projetcts/aplaca/.venv/lib/python3.11/site-packages/starlette/_exception_handler.py", line 53, in wrapped_app
    raise exc
  File "/home/jasonhu/projetcts/aplaca/.venv/lib/python3.11/site-packages/starlette/_exception_handler.py", line 42, in wrapped_app
    await app(scope, receive, sender)
  File "/home/jasonhu/projetcts/aplaca/.venv/lib/python3.11/site-packages/fastapi/routing.py", line 101, in app
    response = await f(request)
               ^^^^^^^^^^^^^^^^
  File "/home/jasonhu/projetcts/aplaca/.venv/lib/python3.11/site-packages/fastapi/routing.py", line 355, in app
    raw_response = await run_endpoint_function(
                   ^^^^^^^^^^^^^^^^^^^^^^^^^^^^
  File "/home/jasonhu/projetcts/aplaca/.venv/lib/python3.11/site-packages/fastapi/routing.py", line 245, in run_endpoint_function
    return await run_in_threadpool(dependant.call, **values)
           ^^^^^^^^^^^^^^^^^^^^^^^^^^^^^^^^^^^^^^^^^^^^^^^^^
  File "/home/jasonhu/projetcts/aplaca/.venv/lib/python3.11/site-packages/starlette/concurrency.py", line 32, in run_in_threadpool
    return await anyio.to_thread.run_sync(func)
           ^^^^^^^^^^^^^^^^^^^^^^^^^^^^^^^^^^^^
  File "/home/jasonhu/projetcts/aplaca/.venv/lib/python3.11/site-packages/anyio/to_thread.py", line 63, in run_sync
    return await get_async_backend().run_sync_in_worker_thread(
           ^^^^^^^^^^^^^^^^^^^^^^^^^^^^^^^^^^^^^^^^^^^^^^^^^^^^
  File "/home/jasonhu/projetcts/aplaca/.venv/lib/python3.11/site-packages/anyio/_backends/_asyncio.py", line 2502, in run_sync_in_worker_thread
    return await future
           ^^^^^^^^^^^^
  File "/home/jasonhu/projetcts/aplaca/.venv/lib/python3.11/site-packages/anyio/_backends/_asyncio.py", line 986, in run
    result = context.run(func, *args)
             ^^^^^^^^^^^^^^^^^^^^^^^^
  File "/home/jasonhu/projetcts/aplaca/src/alpaca_api/main.py", line 234, in get_quote
    quotes = get_data_client().get_stock_latest_quote(request)
             ^^^^^^^^^^^^^^^^^^^^^^^^^^^^^^^^^^^^^^^^^^^^^^^^^
  File "/home/jasonhu/projetcts/aplaca/.venv/lib/python3.11/site-packages/alpaca/data/historical/stock.py", line 174, in get_stock_latest_quote
    raw_latest_quotes = self._get_marketdata(
                        ^^^^^^^^^^^^^^^^^^^^^
  File "/home/jasonhu/projetcts/aplaca/.venv/lib/python3.11/site-packages/alpaca/common/rest.py", line 393, in _get_marketdata
    response = self.get(path=path, data=params)
               ^^^^^^^^^^^^^^^^^^^^^^^^^^^^^^^^
  File "/home/jasonhu/projetcts/aplaca/.venv/lib/python3.11/site-packages/alpaca/common/rest.py", line 225, in get
    return self._request("GET", path, data, **kwargs)
           ^^^^^^^^^^^^^^^^^^^^^^^^^^^^^^^^^^^^^^^^^^
  File "/home/jasonhu/projetcts/aplaca/.venv/lib/python3.11/site-packages/alpaca/common/rest.py", line 131, in _request
    return self._one_request(method, url, opts, retry)
           ^^^^^^^^^^^^^^^^^^^^^^^^^^^^^^^^^^^^^^^^^^^
  File "/home/jasonhu/projetcts/aplaca/.venv/lib/python3.11/site-packages/alpaca/common/rest.py", line 207, in _one_request
    raise APIError(error, http_error)
alpaca.common.exceptions.APIError: {"message":"code=400, message=invalid symbol: IBIT260213P00047000"}

INFO:     127.0.0.1:49680 - "GET /openapi.json HTTP/1.1" 200 OK
INFO:     127.0.0.1:60662 - "POST /orders HTTP/1.1" 200 OK
INFO:     127.0.0.1:43242 - "GET /quotes/IBIT260204P00047000 HTTP/1.1" 500 Internal Server Error
ERROR:    Exception in ASGI application
Traceback (most recent call last):
  File "/home/jasonhu/projetcts/aplaca/.venv/lib/python3.11/site-packages/alpaca/common/rest.py", line 198, in _one_request
    response.raise_for_status()
  File "/home/jasonhu/projetcts/aplaca/.venv/lib/python3.11/site-packages/requests/models.py", line 1026, in raise_for_status
    raise HTTPError(http_error_msg, response=self)
requests.exceptions.HTTPError: 400 Client Error: Bad Request for url: https://data.alpaca.markets/v2/stocks/quotes/latest?symbols=IBIT260204P00047000

During handling of the above exception, another exception occurred:

Traceback (most recent call last):
  File "/home/jasonhu/projetcts/aplaca/.venv/lib/python3.11/site-packages/uvicorn/protocols/http/httptools_impl.py", line 416, in run_asgi
    result = await app(  # type: ignore[func-returns-value]
             ^^^^^^^^^^^^^^^^^^^^^^^^^^^^^^^^^^^^^^^^^^^^^^
  File "/home/jasonhu/projetcts/aplaca/.venv/lib/python3.11/site-packages/uvicorn/middleware/proxy_headers.py", line 60, in __call__
    return await self.app(scope, receive, send)
           ^^^^^^^^^^^^^^^^^^^^^^^^^^^^^^^^^^^^
  File "/home/jasonhu/projetcts/aplaca/.venv/lib/python3.11/site-packages/fastapi/applications.py", line 1135, in __call__
    await super().__call__(scope, receive, send)
  File "/home/jasonhu/projetcts/aplaca/.venv/lib/python3.11/site-packages/starlette/applications.py", line 107, in __call__
    await self.middleware_stack(scope, receive, send)
  File "/home/jasonhu/projetcts/aplaca/.venv/lib/python3.11/site-packages/starlette/middleware/errors.py", line 186, in __call__
    raise exc
  File "/home/jasonhu/projetcts/aplaca/.venv/lib/python3.11/site-packages/starlette/middleware/errors.py", line 164, in __call__
    await self.app(scope, receive, _send)
  File "/home/jasonhu/projetcts/aplaca/.venv/lib/python3.11/site-packages/starlette/middleware/exceptions.py", line 63, in __call__
    await wrap_app_handling_exceptions(self.app, conn)(scope, receive, send)
  File "/home/jasonhu/projetcts/aplaca/.venv/lib/python3.11/site-packages/starlette/_exception_handler.py", line 53, in wrapped_app
    raise exc
  File "/home/jasonhu/projetcts/aplaca/.venv/lib/python3.11/site-packages/starlette/_exception_handler.py", line 42, in wrapped_app
    await app(scope, receive, sender)
  File "/home/jasonhu/projetcts/aplaca/.venv/lib/python3.11/site-packages/fastapi/middleware/asyncexitstack.py", line 18, in __call__
    await self.app(scope, receive, send)
  File "/home/jasonhu/projetcts/aplaca/.venv/lib/python3.11/site-packages/starlette/routing.py", line 716, in __call__
    await self.middleware_stack(scope, receive, send)
  File "/home/jasonhu/projetcts/aplaca/.venv/lib/python3.11/site-packages/starlette/routing.py", line 736, in app
    await route.handle(scope, receive, send)
  File "/home/jasonhu/projetcts/aplaca/.venv/lib/python3.11/site-packages/starlette/routing.py", line 290, in handle
    await self.app(scope, receive, send)
  File "/home/jasonhu/projetcts/aplaca/.venv/lib/python3.11/site-packages/fastapi/routing.py", line 115, in app
    await wrap_app_handling_exceptions(app, request)(scope, receive, send)
  File "/home/jasonhu/projetcts/aplaca/.venv/lib/python3.11/site-packages/starlette/_exception_handler.py", line 53, in wrapped_app
    raise exc
  File "/home/jasonhu/projetcts/aplaca/.venv/lib/python3.11/site-packages/starlette/_exception_handler.py", line 42, in wrapped_app
    await app(scope, receive, sender)
  File "/home/jasonhu/projetcts/aplaca/.venv/lib/python3.11/site-packages/fastapi/routing.py", line 101, in app
    response = await f(request)
               ^^^^^^^^^^^^^^^^
  File "/home/jasonhu/projetcts/aplaca/.venv/lib/python3.11/site-packages/fastapi/routing.py", line 355, in app
    raw_response = await run_endpoint_function(
                   ^^^^^^^^^^^^^^^^^^^^^^^^^^^^
  File "/home/jasonhu/projetcts/aplaca/.venv/lib/python3.11/site-packages/fastapi/routing.py", line 245, in run_endpoint_function
    return await run_in_threadpool(dependant.call, **values)
           ^^^^^^^^^^^^^^^^^^^^^^^^^^^^^^^^^^^^^^^^^^^^^^^^^
  File "/home/jasonhu/projetcts/aplaca/.venv/lib/python3.11/site-packages/starlette/concurrency.py", line 32, in run_in_threadpool
    return await anyio.to_thread.run_sync(func)
           ^^^^^^^^^^^^^^^^^^^^^^^^^^^^^^^^^^^^
  File "/home/jasonhu/projetcts/aplaca/.venv/lib/python3.11/site-packages/anyio/to_thread.py", line 63, in run_sync
    return await get_async_backend().run_sync_in_worker_thread(
           ^^^^^^^^^^^^^^^^^^^^^^^^^^^^^^^^^^^^^^^^^^^^^^^^^^^^
  File "/home/jasonhu/projetcts/aplaca/.venv/lib/python3.11/site-packages/anyio/_backends/_asyncio.py", line 2502, in run_sync_in_worker_thread
    return await future
           ^^^^^^^^^^^^
  File "/home/jasonhu/projetcts/aplaca/.venv/lib/python3.11/site-packages/anyio/_backends/_asyncio.py", line 986, in run
    result = context.run(func, *args)
             ^^^^^^^^^^^^^^^^^^^^^^^^
  File "/home/jasonhu/projetcts/aplaca/src/alpaca_api/main.py", line 234, in get_quote
    quotes = get_data_client().get_stock_latest_quote(request)
             ^^^^^^^^^^^^^^^^^^^^^^^^^^^^^^^^^^^^^^^^^^^^^^^^^
  File "/home/jasonhu/projetcts/aplaca/.venv/lib/python3.11/site-packages/alpaca/data/historical/stock.py", line 174, in get_stock_latest_quote
    raw_latest_quotes = self._get_marketdata(
                        ^^^^^^^^^^^^^^^^^^^^^
  File "/home/jasonhu/projetcts/aplaca/.venv/lib/python3.11/site-packages/alpaca/common/rest.py", line 393, in _get_marketdata
    response = self.get(path=path, data=params)
               ^^^^^^^^^^^^^^^^^^^^^^^^^^^^^^^^
  File "/home/jasonhu/projetcts/aplaca/.venv/lib/python3.11/site-packages/alpaca/common/rest.py", line 225, in get
    return self._request("GET", path, data, **kwargs)
           ^^^^^^^^^^^^^^^^^^^^^^^^^^^^^^^^^^^^^^^^^^
  File "/home/jasonhu/projetcts/aplaca/.venv/lib/python3.11/site-packages/alpaca/common/rest.py", line 131, in _request
    return self._one_request(method, url, opts, retry)
           ^^^^^^^^^^^^^^^^^^^^^^^^^^^^^^^^^^^^^^^^^^^
  File "/home/jasonhu/projetcts/aplaca/.venv/lib/python3.11/site-packages/alpaca/common/rest.py", line 207, in _one_request
    raise APIError(error, http_error)
alpaca.common.exceptions.APIError: {"message":"code=400, message=invalid symbol: IBIT260204P00047000"}

INFO:     127.0.0.1:43250 - "GET /orders/e7faafde-49af-451d-9890-357d3155b731 HTTP/1.1" 200 OK
INFO:     127.0.0.1:55060 - "GET /account HTTP/1.1" 200 OK
INFO:     127.0.0.1:42418 - "GET /quotes/OSCR HTTP/1.1" 200 OK
INFO:     127.0.0.1:53048 - "GET /openapi.json HTTP/1.1" 200 OK
INFO:     127.0.0.1:36258 - "GET /quotes/IBIT HTTP/1.1" 200 OK
INFO:     127.0.0.1:45622 - "POST /orders HTTP/1.1" 200 OK
INFO:     127.0.0.1:51428 - "GET /quotes/PYPL HTTP/1.1" 200 OK
INFO:     127.0.0.1:40282 - "GET /account HTTP/1.1" 200 OK
INFO:     127.0.0.1:44288 - "POST /orders HTTP/1.1" 200 OK
INFO:     127.0.0.1:57318 - "GET /orders/d27bfb64-3091-4f97-8f79-d9e4934704c1 HTTP/1.1" 200 OK
INFO:     127.0.0.1:50810 - "GET /quotes/SNAP HTTP/1.1" 200 OK
INFO:     127.0.0.1:50820 - "GET /account HTTP/1.1" 200 OK
INFO:     127.0.0.1:46690 - "POST /orders HTTP/1.1" 200 OK
INFO:     127.0.0.1:46696 - "GET /orders/7b445089-f0b1-4279-b13d-ab673cae9e74 HTTP/1.1" 200 OK
INFO:     127.0.0.1:55168 - "GET /account HTTP/1.1" 200 OK
INFO:     127.0.0.1:55174 - "GET /positions HTTP/1.1" 200 OK
INFO:     127.0.0.1:55190 - "GET /clock HTTP/1.1" 200 OK
INFO:     127.0.0.1:38044 - "GET /quotes/MRNA HTTP/1.1" 200 OK
INFO:     127.0.0.1:34766 - "POST /orders HTTP/1.1" 200 OK
INFO:     127.0.0.1:34772 - "GET /orders/12f1508d-ae8e-4a0d-8021-0e318fdfb724 HTTP/1.1" 200 OK
INFO:     127.0.0.1:40984 - "GET / HTTP/1.1" 404 Not Found
INFO:     127.0.0.1:40984 - "GET /favicon.ico HTTP/1.1" 404 Not Found
INFO:     127.0.0.1:40984 - "GET /sw.js HTTP/1.1" 404 Not Found
INFO:     127.0.0.1:40996 - "GET /sw.js HTTP/1.1" 404 Not Found
INFO:     127.0.0.1:37244 - "GET /docs HTTP/1.1" 200 OK
INFO:     127.0.0.1:37244 - "GET /openapi.json HTTP/1.1" 200 OK
INFO:     127.0.0.1:37244 - "GET /sw.js HTTP/1.1" 404 Not Found
INFO:     127.0.0.1:40672 - "GET /sw.js HTTP/1.1" 404 Not Found
INFO:     127.0.0.1:37976 - "GET /account HTTP/1.1" 200 OK
INFO:     127.0.0.1:40986 - "GET /positions HTTP/1.1" 200 OK
INFO:     127.0.0.1:55996 - "GET /quotes/U HTTP/1.1" 200 OK
INFO:     127.0.0.1:55792 - "GET /quotes/ORCL HTTP/1.1" 200 OK
INFO:     127.0.0.1:57290 - "POST /orders HTTP/1.1" 200 OK
INFO:     127.0.0.1:46406 - "GET /docs HTTP/1.1" 200 OK
INFO:     127.0.0.1:59468 - "GET /openapi.json HTTP/1.1" 200 OK
INFO:     127.0.0.1:59476 - "GET /quotes/RLX HTTP/1.1" 200 OK
INFO:     127.0.0.1:46408 - "GET /quotes/U HTTP/1.1" 200 OK
INFO:     127.0.0.1:33134 - "GET /account HTTP/1.1" 200 OK
INFO:     127.0.0.1:33264 - "POST /orders HTTP/1.1" 200 OK
INFO:     127.0.0.1:58142 - "GET /positions HTTP/1.1" 200 OK
INFO:     127.0.0.1:58158 - "GET /account HTTP/1.1" 200 OK
